Removed Pin From Net: NetName=GND Pin=TP_GND-1
Removed Pin From Net: NetName=VCC Pin=TP_VCC-1
Removed Member From Class: ClassName=Detection_Circuit_Sheet_01 Member=TP_GND
Removed Member From Class: ClassName=Detection_Circuit_Sheet_01 Member=TP_VCC
Added Component: Designator=PC_TP_GND1(PC Test Point GND)
Add component. Clean all parameters for all variants
Add component (AddParameter): Name = "Alternate Color"; Value = "5004K-ND
- TEST POINT PC MINI .040"D YELLOW
5003K-ND
- TEST POINT PC MINI .040"D ORANGE
5002K-ND
- TEST POINT PC MINI .040"D WHITE
5000K-ND
- TEST POINT PC MINI .040"D RED"; VariantName = "[No Variations]"
Add component (AddParameter): Name = "Catalog Drawings"; Value = "5000 Series"; VariantName = "[No Variations]"
Add component (AddParameter): Name = "Category"; Value = "Test and Measurement"; VariantName = "[No Variations]"
Add component (AddParameter): Name = "Color"; Value = "Black"; VariantName = "[No Variations]"
Add component (AddParameter): Name = "ComponentLink1Description"; Value = "https://datasheet.ciiva.com/27052/1581986-27052611.pdf"; VariantName = "[No Variations]"
Add component (AddParameter): Name = "ComponentLink1URL"; Value = "https://datasheet.ciiva.com/27052/1581986-27052611.pdf"; VariantName = "[No Variations]"
Add component (AddParameter): Name = "ComponentLink2Description"; Value = "https://datasheet.ciiva.com/16318/m60-2p60-16318423.pdf"; VariantName = "[No Variations]"
Add component (AddParameter): Name = "ComponentLink2URL"; Value = "https://datasheet.ciiva.com/16318/m60-2p60-16318423.pdf"; VariantName = "[No Variations]"
Add component (AddParameter): Name = "ComponentLink3Description"; Value = "https://datasheet.ciiva.com/16884/70182825-16884025.pdf"; VariantName = "[No Variations]"
Add component (AddParameter): Name = "ComponentLink3URL"; Value = "https://datasheet.ciiva.com/16884/70182825-16884025.pdf"; VariantName = "[No Variations]"
Add component (AddParameter): Name = "ComponentLink4Description"; Value = "https://datasheet.ciiva.com/22631/1703983-22631100.pdf"; VariantName = "[No Variations]"
Add component (AddParameter): Name = "ComponentLink4URL"; Value = "https://datasheet.ciiva.com/22631/1703983-22631100.pdf"; VariantName = "[No Variations]"
Add component (AddParameter): Name = "ComponentLink5Description"; Value = "https://datasheet.ciiva.com/11836/0900766b8009b7c7-11836045.pdf"; VariantName = "[No Variations]"
Add component (AddParameter): Name = "ComponentLink5URL"; Value = "https://datasheet.ciiva.com/11836/0900766b8009b7c7-11836045.pdf"; VariantName = "[No Variations]"
Add component (AddParameter): Name = "Family"; Value = "Test Points"; VariantName = "[No Variations]"
Add component (AddParameter): Name = "Kits"; Value = "DKTGRS232C-KIT-ND
- TTL CONVERTER"; VariantName = "[No Variations]"
Add component (AddParameter): Name = "Manufacturer"; Value = "Keystone Electronics"; VariantName = "[No Variations]"
Add component (AddParameter): Name = "Manufacturer Part Number"; Value = "5001"; VariantName = "[No Variations]"
Add component (AddParameter): Name = "Material"; Value = "Base, Nylon 46, UL 94V-0"; VariantName = "[No Variations]"
Add component (AddParameter): Name = "Mounting Type"; Value = "0.040" (1.02mm) Hole Diameter"; VariantName = "[No Variations]"
Add component (AddParameter): Name = "Online Catalog"; Value = "Color Coded Test Points"; VariantName = "[No Variations]"
Add component (AddParameter): Name = "Other Names"; Value = "5001K"; VariantName = "[No Variations]"
Add component (AddParameter): Name = "Packaging"; Value = "Bulk"; VariantName = "[No Variations]"
Add component (AddParameter): Name = "Pricing 1"; Value = "1=0.37, 10=0.316, 50=0.2298, 100=0.2209, 250=0.1983, 1000=0.1616, 2500=0.1442, 5000=0.1352 (USD)"; VariantName = "[No Variations]"
Add component (AddParameter): Name = "RoHS Information"; Value = "RoHS Compliance Statement"; VariantName = "[No Variations]"
Add component (AddParameter): Name = "Series"; Value = "THM"; VariantName = "[No Variations]"
Add component (AddParameter): Name = "Standard Package"; Value = "100"; VariantName = "[No Variations]"
Add component (AddParameter): Name = "Stock 1"; Value = "888627"; VariantName = "[No Variations]"
Add component (AddParameter): Name = "Supplier 1"; Value = "Digi-Key"; VariantName = "[No Variations]"
Add component (AddParameter): Name = "Supplier Part Number 1"; Value = "36-5001-ND"; VariantName = "[No Variations]"
Add component (AddParameter): Name = "Terminal"; Value = "0.010" x 0.020" (0.25mm x 0.51mm) Phosphor Bronze Wire, Silver Plated"; VariantName = "[No Variations]"
Add component (AddParameter): Name = "Type"; Value = "PC Test Point, Miniature"; VariantName = "[No Variations]"
Added Component: Designator=PC_TP_VCC1(PC Test Point VCC)
Add component. Clean all parameters for all variants
Add component (AddParameter): Name = "Alternate Color"; Value = "5004K-ND
- TEST POINT PC MINI .040"D YELLOW
5003K-ND
- TEST POINT PC MINI .040"D ORANGE
5002K-ND
- TEST POINT PC MINI .040"D WHITE
5001K-ND
- TEST POINT PC MINI .040"D BLACK"; VariantName = "[No Variations]"
Add component (AddParameter): Name = "Catalog Drawings"; Value = "5000 Series"; VariantName = "[No Variations]"
Add component (AddParameter): Name = "Category"; Value = "Test and Measurement"; VariantName = "[No Variations]"
Add component (AddParameter): Name = "Color"; Value = "Red"; VariantName = "[No Variations]"
Add component (AddParameter): Name = "ComponentLink1Description"; Value = "https://datasheet.ciiva.com/2917/5000-5004-2917627.pdf"; VariantName = "[No Variations]"
Add component (AddParameter): Name = "ComponentLink1URL"; Value = "https://datasheet.ciiva.com/2917/5000-5004-2917627.pdf"; VariantName = "[No Variations]"
Add component (AddParameter): Name = "ComponentLink2Description"; Value = "https://datasheet.ciiva.com/16883/70182825-16883965.pdf"; VariantName = "[No Variations]"
Add component (AddParameter): Name = "ComponentLink2URL"; Value = "https://datasheet.ciiva.com/16883/70182825-16883965.pdf"; VariantName = "[No Variations]"
Add component (AddParameter): Name = "ComponentLink3Description"; Value = "https://datasheet.ciiva.com/11836/0900766b8009b7c7-11836046.pdf"; VariantName = "[No Variations]"
Add component (AddParameter): Name = "ComponentLink3URL"; Value = "https://datasheet.ciiva.com/11836/0900766b8009b7c7-11836046.pdf"; VariantName = "[No Variations]"
Add component (AddParameter): Name = "Family"; Value = "Test Points"; VariantName = "[No Variations]"
Add component (AddParameter): Name = "Manufacturer"; Value = "Keystone Electronics"; VariantName = "[No Variations]"
Add component (AddParameter): Name = "Manufacturer Part Number"; Value = "5000"; VariantName = "[No Variations]"
Add component (AddParameter): Name = "Material"; Value = "Base, Nylon 46, UL 94V-0"; VariantName = "[No Variations]"
Add component (AddParameter): Name = "Mounting Type"; Value = "0.040" (1.02mm) Hole Diameter"; VariantName = "[No Variations]"
Add component (AddParameter): Name = "Online Catalog"; Value = "Color Coded Test Points"; VariantName = "[No Variations]"
Add component (AddParameter): Name = "Other Names"; Value = "5000K"; VariantName = "[No Variations]"
Add component (AddParameter): Name = "Packaging"; Value = "Bulk"; VariantName = "[No Variations]"
Add component (AddParameter): Name = "Pricing 1"; Value = "1=0.37, 10=0.316, 50=0.2298, 100=0.2209, 250=0.1983, 1000=0.1616, 2500=0.1442, 5000=0.1352 (USD)"; VariantName = "[No Variations]"
Add component (AddParameter): Name = "RoHS Information"; Value = "RoHS Compliance Statement"; VariantName = "[No Variations]"
Add component (AddParameter): Name = "Series"; Value = "THM"; VariantName = "[No Variations]"
Add component (AddParameter): Name = "Standard Package"; Value = "100"; VariantName = "[No Variations]"
Add component (AddParameter): Name = "Stock 1"; Value = "652198"; VariantName = "[No Variations]"
Add component (AddParameter): Name = "Supplier 1"; Value = "Digi-Key"; VariantName = "[No Variations]"
Add component (AddParameter): Name = "Supplier Part Number 1"; Value = "36-5000-ND"; VariantName = "[No Variations]"
Add component (AddParameter): Name = "Terminal"; Value = "0.010" x 0.020" (0.25mm x 0.51mm) Phosphor Bronze Wire, Silver Plated"; VariantName = "[No Variations]"
Add component (AddParameter): Name = "Type"; Value = "PC Test Point, Miniature"; VariantName = "[No Variations]"
Added Pin To Net: NetName=GND Pin=PC_TP_GND1-1
Added Pin To Net: NetName=VCC Pin=PC_TP_VCC1-1
Added Member To Class: ClassName=Detection_Circuit_Sheet_01 Member=Component PC_TP_GND1 PC Test Point GND
Added Member To Class: ClassName=Detection_Circuit_Sheet_01 Member=Component PC_TP_VCC1 PC Test Point VCC
