Change Component Designator: Old Designator=C1 New Designator=C?
Change Component Designator: Old Designator=C3 New Designator=C?
Change Component Designator: Old Designator=D1 New Designator=D?
Change Component Designator: Old Designator=FID1 New Designator=FID?
Change Component Designator: Old Designator=FID2 New Designator=FID?
Change Component Designator: Old Designator=FID3 New Designator=FID?
Change Component Designator: Old Designator=HEX_NUT1 New Designator=HEX_NUT?
Change Component Designator: Old Designator=MH1 New Designator=MH?
Change Component Designator: Old Designator=MH2 New Designator=MH?
Change Component Designator: Old Designator=MH3 New Designator=MH?
Change Component Designator: Old Designator=MH4 New Designator=MH?
Change Component Designator: Old Designator=PC_TP_GND1 New Designator=PC_TP_GND?
Change Component Designator: Old Designator=PC_TP_VCC1 New Designator=PC_TP_VCC?
Change Component Designator: Old Designator=Q1 New Designator=Q?
Change Component Designator: Old Designator=R1 New Designator=R?
Change Component Designator: Old Designator=R2 New Designator=R?
Change Component Designator: Old Designator=R3 New Designator=R?
Change Component Designator: Old Designator=R4 New Designator=R?
Change Component Designator: Old Designator=R5 New Designator=R?
Change Component Designator: Old Designator=R*1 New Designator=R*?
Change Component Designator: Old Designator=Screw1 New Designator=Screw?
Change Component Designator: Old Designator=StandOff1 New Designator=StandOff?
Change Component Designator: Old Designator=StandOff2 New Designator=StandOff?
Change Component Designator: Old Designator=StandOff3 New Designator=StandOff?
Change Component Designator: Old Designator=StandOff4 New Designator=StandOff?
Change Component Designator: Old Designator=TERM1 New Designator=TERM?
Change Component Designator: Old Designator=TERM2 New Designator=TERM?
Change Component Designator: Old Designator=TERM3 New Designator=TERM?
Change Component Designator: Old Designator=TP1 New Designator=TP?
Change Component Designator: Old Designator=TP2 New Designator=TP?
Change Component Designator: Old Designator=TP_B1 New Designator=TP_B?
Change Component Designator: Old Designator=TP_C1 New Designator=TP_C?
Change Component Designator: Old Designator=TP_E1 New Designator=TP_E?
Change Component Designator: Old Designator=Washer1 New Designator=Washer?
Change Component Designator: Old Designator=Washer2 New Designator=Washer?
Change Component Designator: Old Designator=Washer3 New Designator=Washer?
Change Component Designator: Old Designator=Washer4 New Designator=Washer?
Change Component Designator: Old Designator=Washer5 New Designator=Washer?
Change Component Designator: Old Designator=Washer6 New Designator=Washer?
Change Component Designator: Old Designator=Washer7 New Designator=Washer?
Change Component Designator: Old Designator=Washer8 New Designator=Washer?
