Change Component Designator: Old Designator=C? New Designator=C5
Change Component Designator: Old Designator=C? New Designator=C6
Change Component Designator: Old Designator=C? New Designator=C7
Change Component Designator: Old Designator=C? New Designator=C8
Change Component Designator: Old Designator=C? New Designator=C9
Change Component Designator: Old Designator=C? New Designator=C10
Change Component Designator: Old Designator=C? New Designator=C11
Change Component Designator: Old Designator=C? New Designator=C12
Change Component Designator: Old Designator=C? New Designator=C13
Change Component Designator: Old Designator=C? New Designator=C14
Change Component Designator: Old Designator=C? New Designator=C15
Change Component Designator: Old Designator=C? New Designator=C16
Change Component Designator: Old Designator=C? New Designator=C17
Change Component Designator: Old Designator=C? New Designator=C18
Change Component Designator: Old Designator=C? New Designator=C19
Change Component Designator: Old Designator=C? New Designator=C20
Change Component Designator: Old Designator=C? New Designator=C21
Change Component Designator: Old Designator=C? New Designator=C22
Change Component Designator: Old Designator=C? New Designator=C23
Change Component Designator: Old Designator=C? New Designator=C24
Change Component Designator: Old Designator=C? New Designator=C25
Change Component Designator: Old Designator=C? New Designator=C26
Change Component Designator: Old Designator=C? New Designator=C27
Change Component Designator: Old Designator=C? New Designator=C28
Change Component Designator: Old Designator=C? New Designator=C29
Change Component Designator: Old Designator=C? New Designator=C30
Change Component Designator: Old Designator=C? New Designator=C31
Change Component Designator: Old Designator=C? New Designator=C32
Change Component Designator: Old Designator=C? New Designator=C33
Change Component Designator: Old Designator=C? New Designator=C34
Change Component Designator: Old Designator=C? New Designator=C35
Change Component Designator: Old Designator=C? New Designator=C36
Change Component Designator: Old Designator=C? New Designator=C37
Change Component Designator: Old Designator=C? New Designator=C38
Change Component Designator: Old Designator=C? New Designator=C39
Change Component Designator: Old Designator=C? New Designator=C40
Change Component Designator: Old Designator=C? New Designator=C41
Change Component Designator: Old Designator=C? New Designator=C42
Change Component Designator: Old Designator=C? New Designator=C43
Change Component Designator: Old Designator=C? New Designator=C44
Change Component Designator: Old Designator=C? New Designator=C45
Change Component Designator: Old Designator=C? New Designator=C46
Change Component Designator: Old Designator=C? New Designator=C47
Change Component Designator: Old Designator=C? New Designator=C48
Change Component Designator: Old Designator=Q? New Designator=Q2
Change Component Designator: Old Designator=Q? New Designator=Q3
Change Component Designator: Old Designator=Q? New Designator=Q4
Change Component Designator: Old Designator=Q? New Designator=Q5
Change Component Designator: Old Designator=Q? New Designator=Q6
Change Component Designator: Old Designator=Q? New Designator=Q7
Change Component Designator: Old Designator=Q? New Designator=Q8
Change Component Designator: Old Designator=Q? New Designator=Q9
Change Component Designator: Old Designator=Q? New Designator=Q10
Change Component Designator: Old Designator=Q? New Designator=Q11
Change Component Designator: Old Designator=Q? New Designator=Q12
Change Component Designator: Old Designator=R*? New Designator=R*2
Change Component Designator: Old Designator=R*? New Designator=R*3
Change Component Designator: Old Designator=R*? New Designator=R*4
Change Component Designator: Old Designator=R*? New Designator=R*5
Change Component Designator: Old Designator=R*? New Designator=R*6
Change Component Designator: Old Designator=R*? New Designator=R*7
Change Component Designator: Old Designator=R*? New Designator=R*8
Change Component Designator: Old Designator=R*? New Designator=R*9
Change Component Designator: Old Designator=R*? New Designator=R*10
Change Component Designator: Old Designator=R*? New Designator=R*11
Change Component Designator: Old Designator=R*? New Designator=R*12
Change Component Designator: Old Designator=R? New Designator=R6
Change Component Designator: Old Designator=R? New Designator=R7
Change Component Designator: Old Designator=R? New Designator=R8
Change Component Designator: Old Designator=R? New Designator=R9
Change Component Designator: Old Designator=R? New Designator=R10
Change Component Designator: Old Designator=R? New Designator=R11
Change Component Designator: Old Designator=R? New Designator=R12
Change Component Designator: Old Designator=R? New Designator=R13
Change Component Designator: Old Designator=R? New Designator=R14
Change Component Designator: Old Designator=R? New Designator=R15
Change Component Designator: Old Designator=R? New Designator=R16
Change Component Designator: Old Designator=R? New Designator=R17
Change Component Designator: Old Designator=R? New Designator=R18
Change Component Designator: Old Designator=R? New Designator=R19
Change Component Designator: Old Designator=R? New Designator=R20
Change Component Designator: Old Designator=R? New Designator=R21
Change Component Designator: Old Designator=R? New Designator=R22
Change Component Designator: Old Designator=R? New Designator=R23
Change Component Designator: Old Designator=R? New Designator=R24
Change Component Designator: Old Designator=R? New Designator=R25
Change Component Designator: Old Designator=R? New Designator=R26
Change Component Designator: Old Designator=R? New Designator=R27
Change Component Designator: Old Designator=R? New Designator=R28
Change Component Designator: Old Designator=R? New Designator=R29
Change Component Designator: Old Designator=R? New Designator=R30
Change Component Designator: Old Designator=R? New Designator=R31
Change Component Designator: Old Designator=R? New Designator=R32
Change Component Designator: Old Designator=R? New Designator=R33
Change Component Designator: Old Designator=R? New Designator=R34
Change Component Designator: Old Designator=R? New Designator=R35
Change Component Designator: Old Designator=R? New Designator=R36
Change Component Designator: Old Designator=R? New Designator=R37
Change Component Designator: Old Designator=R? New Designator=R38
Change Component Designator: Old Designator=R? New Designator=R39
Change Component Designator: Old Designator=R? New Designator=R40
Change Component Designator: Old Designator=R? New Designator=R41
Change Component Designator: Old Designator=R? New Designator=R42
Change Component Designator: Old Designator=R? New Designator=R43
Change Component Designator: Old Designator=R? New Designator=R44
Change Component Designator: Old Designator=R? New Designator=R45
Change Component Designator: Old Designator=R? New Designator=R46
Change Component Designator: Old Designator=R? New Designator=R47
Change Component Designator: Old Designator=R? New Designator=R48
Change Component Designator: Old Designator=R? New Designator=R49
Change Component Designator: Old Designator=TERM? New Designator=TERM4
Change Component Designator: Old Designator=TERM? New Designator=TERM5
Change Component Designator: Old Designator=TERM? New Designator=TERM6
Change Component Designator: Old Designator=TERM? New Designator=TERM7
Change Component Designator: Old Designator=TERM? New Designator=TERM8
Change Component Designator: Old Designator=TERM? New Designator=TERM9
Change Component Designator: Old Designator=TERM? New Designator=TERM10
Change Component Designator: Old Designator=TERM? New Designator=TERM11
Change Component Designator: Old Designator=TERM? New Designator=TERM12
Change Component Designator: Old Designator=TERM? New Designator=TERM13
Change Component Designator: Old Designator=TERM? New Designator=TERM14
Change Component Designator: Old Designator=TP? New Designator=TP3
Change Component Designator: Old Designator=TP? New Designator=TP4
Change Component Designator: Old Designator=TP? New Designator=TP5
Change Component Designator: Old Designator=TP? New Designator=TP6
Change Component Designator: Old Designator=TP? New Designator=TP7
Change Component Designator: Old Designator=TP? New Designator=TP8
Change Component Designator: Old Designator=TP? New Designator=TP9
Change Component Designator: Old Designator=TP? New Designator=TP10
Change Component Designator: Old Designator=TP? New Designator=TP11
Change Component Designator: Old Designator=TP? New Designator=TP12
Change Component Designator: Old Designator=TP? New Designator=TP13
Change Component Designator: Old Designator=TP? New Designator=TP14
Change Component Designator: Old Designator=TP? New Designator=TP15
Change Component Designator: Old Designator=TP? New Designator=TP16
Change Component Designator: Old Designator=TP? New Designator=TP17
Change Component Designator: Old Designator=TP? New Designator=TP18
Change Component Designator: Old Designator=TP? New Designator=TP19
Change Component Designator: Old Designator=TP? New Designator=TP20
Change Component Designator: Old Designator=TP? New Designator=TP21
Change Component Designator: Old Designator=TP? New Designator=TP22
Change Component Designator: Old Designator=TP? New Designator=TP23
Change Component Designator: Old Designator=TP? New Designator=TP24
Change Component Designator: Old Designator=TP_B? New Designator=TP_B2
Change Component Designator: Old Designator=TP_B? New Designator=TP_B3
Change Component Designator: Old Designator=TP_B? New Designator=TP_B4
Change Component Designator: Old Designator=TP_B? New Designator=TP_B5
Change Component Designator: Old Designator=TP_B? New Designator=TP_B6
Change Component Designator: Old Designator=TP_B? New Designator=TP_B7
Change Component Designator: Old Designator=TP_B? New Designator=TP_B8
Change Component Designator: Old Designator=TP_B? New Designator=TP_B9
Change Component Designator: Old Designator=TP_B? New Designator=TP_B10
Change Component Designator: Old Designator=TP_B? New Designator=TP_B11
Change Component Designator: Old Designator=TP_B? New Designator=TP_B12
Change Component Designator: Old Designator=TP_C? New Designator=TP_C2
Change Component Designator: Old Designator=TP_C? New Designator=TP_C3
Change Component Designator: Old Designator=TP_C? New Designator=TP_C4
Change Component Designator: Old Designator=TP_C? New Designator=TP_C5
Change Component Designator: Old Designator=TP_C? New Designator=TP_C6
Change Component Designator: Old Designator=TP_C? New Designator=TP_C7
Change Component Designator: Old Designator=TP_C? New Designator=TP_C8
Change Component Designator: Old Designator=TP_C? New Designator=TP_C9
Change Component Designator: Old Designator=TP_C? New Designator=TP_C10
Change Component Designator: Old Designator=TP_C? New Designator=TP_C11
Change Component Designator: Old Designator=TP_C? New Designator=TP_C12
Change Component Designator: Old Designator=TP_E? New Designator=TP_E2
Change Component Designator: Old Designator=TP_E? New Designator=TP_E3
Change Component Designator: Old Designator=TP_E? New Designator=TP_E4
Change Component Designator: Old Designator=TP_E? New Designator=TP_E5
Change Component Designator: Old Designator=TP_E? New Designator=TP_E6
Change Component Designator: Old Designator=TP_E? New Designator=TP_E7
Change Component Designator: Old Designator=TP_E? New Designator=TP_E8
Change Component Designator: Old Designator=TP_E? New Designator=TP_E9
Change Component Designator: Old Designator=TP_E? New Designator=TP_E10
Change Component Designator: Old Designator=TP_E? New Designator=TP_E11
Change Component Designator: Old Designator=TP_E? New Designator=TP_E12
