Removed Pin From Net: NetName=Emitter Pin=C4-1
Removed Pin From Net: NetName=MCU Pin=C4-2
Removed Pin From Net: NetName=Feedback Pin=C5-1
Removed Pin From Net: NetName=Emitter Pin=C5-2
Removed Pin From Net: NetName=MCU Pin=TERM3-1
Removed Member From Class: ClassName=Detection_Circuit_Sheet_01 Member=C5
Change Component DesignItemId : Designator=C4 Old DesignItemId=C0805C105J4RACTU New DesignItemId=08055C224JAT2A
Change Component DesignItemId : Designator=C5 Old DesignItemId=C0805C105J4RACTU New DesignItemId=CC1210MKX5R7BB107
Change Component Footprint: Designator=C4 Old Footprint=6-0805_M New Footprint=6-0805_N
Change Component Footprint: Designator=C5 Old Footprint=6-0805_M New Footprint=C1210_M
Change Component Comment : Designator=C5 Old Comment=1UF New Comment=100UF
Change Component Comment : Designator=C4 Old Comment=1UF New Comment=08055C224JAT2A
Change Component Designator: OldDesignator=R1 NewDesignator=R2
Change Component Designator: OldDesignator=R2 NewDesignator=R3
Change Component Designator: OldDesignator=R3 NewDesignator=R4
Change Component Designator: OldDesignator=R4 NewDesignator=R5
Change Component Designator: OldDesignator=R5 NewDesignator=R1
Change Component Designator: OldDesignator=R* NewDesignator=R*1
Change Component Designator: OldDesignator=TERM1 NewDesignator=TERM2
Change Component Designator: OldDesignator=TERM2 NewDesignator=TERM1
Change Component Designator: OldDesignator=TP_B NewDesignator=TP_B1
Change Component Designator: OldDesignator=TP_C NewDesignator=TP_C1
Change Component Designator: OldDesignator=TP_E NewDesignator=TP_E1
Change Component Description : Designator=D1 Old Description=Typical BLUE SiC LED New Description=LED GREEN CLEAR 0805 SMD
Added Component: Designator=C2(6-0805_N)
Added Component: Designator=C6(C1210_M)
Added Component: Designator=C7(C1210_M)
Added Component: Designator=C8(C1210_M)
Added Component: Designator=C9(6-0805_N)
Added Component: Designator=C10(6-0805_N)
Added Component: Designator=C11(6-0805_N)
Added Component: Designator=C12(6-0805_N)
Added Component: Designator=C13(C1210_M)
Added Component: Designator=C14(C1210_M)
Added Component: Designator=C15(C1210_M)
Added Component: Designator=C16(6-0805_N)
Added Component: Designator=C17(C1210_M)
Added Component: Designator=C18(6-0805_N)
Added Component: Designator=C19(6-0805_N)
Added Component: Designator=C20(6-0805_N)
Added Component: Designator=C21(C1210_M)
Added Component: Designator=C22(C1210_M)
Added Component: Designator=C23(C1210_M)
Added Component: Designator=C24(C1210_M)
Added Component: Designator=C25(6-0805_N)
Added Component: Designator=C26(6-0805_N)
Added Component: Designator=C27(6-0805_N)
Added Component: Designator=C28(6-0805_N)
Added Component: Designator=C29(C1210_M)
Added Component: Designator=C30(C1210_M)
Added Component: Designator=C31(C1210_M)
Added Component: Designator=C32(6-0805_N)
Added Component: Designator=C33(C1210_M)
Added Component: Designator=C34(6-0805_N)
Added Component: Designator=C35(6-0805_N)
Added Component: Designator=C36(6-0805_N)
Added Component: Designator=C37(C1210_M)
Added Component: Designator=C38(C1210_M)
Added Component: Designator=C39(C1210_M)
Added Component: Designator=C40(6-0805_N)
Added Component: Designator=C41(6-0805_N)
Added Component: Designator=C42(6-0805_N)
Added Component: Designator=C43(C1210_M)
Added Component: Designator=C44(C1210_M)
Added Component: Designator=C45(C1210_M)
Added Component: Designator=C46(6-0805_N)
Added Component: Designator=C47(6-0805_N)
Added Component: Designator=C48(6-0805_N)
Added Component: Designator=Q2(DXT3904-13)
Added Component: Designator=Q3(DXT3904-13)
Added Component: Designator=Q4(DXT3904-13)
Added Component: Designator=Q5(DXT3904-13)
Added Component: Designator=Q6(DXT3904-13)
Added Component: Designator=Q7(DXT3904-13)
Added Component: Designator=Q8(DXT3904-13)
Added Component: Designator=Q9(DXT3904-13)
Added Component: Designator=Q10(DXT3904-13)
Added Component: Designator=Q11(DXT3904-13)
Added Component: Designator=Q12(DXT3904-13)
Added Component: Designator=R6(6-0805_M)
Added Component: Designator=R7(6-0805_M)
Added Component: Designator=R8(6-0805_M)
Added Component: Designator=R9(6-0805_M)
Added Component: Designator=R10(6-0805_M)
Added Component: Designator=R11(6-0805_M)
Added Component: Designator=R12(6-0805_M)
Added Component: Designator=R13(6-0805_M)
Added Component: Designator=R14(6-0805_M)
Added Component: Designator=R15(6-0805_M)
Added Component: Designator=R16(6-0805_M)
Added Component: Designator=R17(6-0805_M)
Added Component: Designator=R18(6-0805_M)
Added Component: Designator=R19(6-0805_M)
Added Component: Designator=R20(6-0805_M)
Added Component: Designator=R21(6-0805_M)
Added Component: Designator=R22(6-0805_M)
Added Component: Designator=R23(6-0805_M)
Added Component: Designator=R24(6-0805_M)
Added Component: Designator=R25(6-0805_M)
Added Component: Designator=R26(6-0805_M)
Added Component: Designator=R27(6-0805_M)
Added Component: Designator=R28(6-0805_M)
Added Component: Designator=R29(6-0805_M)
Added Component: Designator=R30(6-0805_M)
Added Component: Designator=R31(6-0805_M)
Added Component: Designator=R32(6-0805_M)
Added Component: Designator=R33(6-0805_M)
Added Component: Designator=R34(6-0805_M)
Added Component: Designator=R35(6-0805_M)
Added Component: Designator=R36(6-0805_M)
Added Component: Designator=R37(6-0805_M)
Added Component: Designator=R38(6-0805_M)
Added Component: Designator=R39(6-0805_M)
Added Component: Designator=R40(6-0805_M)
Added Component: Designator=R41(6-0805_M)
Added Component: Designator=R42(6-0805_M)
Added Component: Designator=R43(6-0805_M)
Added Component: Designator=R44(6-0805_M)
Added Component: Designator=R45(6-0805_M)
Added Component: Designator=R46(6-0805_M)
Added Component: Designator=R47(6-0805_M)
Added Component: Designator=R48(6-0805_M)
Added Component: Designator=R49(6-0805_M)
Added Component: Designator=R*2(6-0805_M)
Added Component: Designator=R*3(6-0805_M)
Added Component: Designator=R*4(6-0805_M)
Added Component: Designator=R*5(6-0805_M)
Added Component: Designator=R*6(6-0805_M)
Added Component: Designator=R*7(6-0805_M)
Added Component: Designator=R*8(6-0805_M)
Added Component: Designator=R*9(6-0805_M)
Added Component: Designator=R*10(6-0805_M)
Added Component: Designator=R*11(6-0805_M)
Added Component: Designator=R*12(6-0805_M)
Added Component: Designator=TERM4(282834-2)
Added Component: Designator=TERM5(282834-2)
Added Component: Designator=TERM6(282834-2)
Added Component: Designator=TERM7(282834-2)
Added Component: Designator=TERM8(282834-2)
Added Component: Designator=TERM9(282834-2)
Added Component: Designator=TERM10(282834-2)
Added Component: Designator=TERM11(282834-2)
Added Component: Designator=TERM12(282834-2)
Added Component: Designator=TERM13(282834-2)
Added Component: Designator=TERM14(282834-2)
Added Component: Designator=TP3(TestPoint)
Added Component: Designator=TP4(TestPoint)
Added Component: Designator=TP5(TestPoint)
Added Component: Designator=TP6(TestPoint)
Added Component: Designator=TP7(TestPoint)
Added Component: Designator=TP8(TestPoint)
Added Component: Designator=TP9(TestPoint)
Added Component: Designator=TP10(TestPoint)
Added Component: Designator=TP11(TestPoint)
Added Component: Designator=TP12(TestPoint)
Added Component: Designator=TP13(TestPoint)
Added Component: Designator=TP14(TestPoint)
Added Component: Designator=TP15(TestPoint)
Added Component: Designator=TP16(TestPoint)
Added Component: Designator=TP17(TestPoint)
Added Component: Designator=TP18(TestPoint)
Added Component: Designator=TP19(TestPoint)
Added Component: Designator=TP20(TestPoint)
Added Component: Designator=TP21(TestPoint)
Added Component: Designator=TP22(TestPoint)
Added Component: Designator=TP23(TestPoint)
Added Component: Designator=TP24(TestPoint)
Added Component: Designator=TP_B2(TestPoint)
Added Component: Designator=TP_B3(TestPoint)
Added Component: Designator=TP_B4(TestPoint)
Added Component: Designator=TP_B5(TestPoint)
Added Component: Designator=TP_B6(TestPoint)
Added Component: Designator=TP_B7(TestPoint)
Added Component: Designator=TP_B8(TestPoint)
Added Component: Designator=TP_B9(TestPoint)
Added Component: Designator=TP_B10(TestPoint)
Added Component: Designator=TP_B11(TestPoint)
Added Component: Designator=TP_B12(TestPoint)
Added Component: Designator=TP_C2(TestPoint)
Added Component: Designator=TP_C3(TestPoint)
Added Component: Designator=TP_C4(TestPoint)
Added Component: Designator=TP_C5(TestPoint)
Added Component: Designator=TP_C6(TestPoint)
Added Component: Designator=TP_C7(TestPoint)
Added Component: Designator=TP_C8(TestPoint)
Added Component: Designator=TP_C9(TestPoint)
Added Component: Designator=TP_C10(TestPoint)
Added Component: Designator=TP_C11(TestPoint)
Added Component: Designator=TP_C12(TestPoint)
Added Component: Designator=TP_E2(TestPoint)
Added Component: Designator=TP_E3(TestPoint)
Added Component: Designator=TP_E4(TestPoint)
Added Component: Designator=TP_E5(TestPoint)
Added Component: Designator=TP_E6(TestPoint)
Added Component: Designator=TP_E7(TestPoint)
Added Component: Designator=TP_E8(TestPoint)
Added Component: Designator=TP_E9(TestPoint)
Added Component: Designator=TP_E10(TestPoint)
Added Component: Designator=TP_E11(TestPoint)
Added Component: Designator=TP_E12(TestPoint)
Added Pin To Net: NetName=Emitter Pin=C2-1
Added Pin To Net: NetName=MCU Pin=C2-2
Added Pin To Net: NetName=Feedback Pin=C4-1
Added Pin To Net: NetName=Emitter Pin=C4-2
Added Pin To Net: NetName=MCU Pin=C9-2
Added Pin To Net: NetName=GND Pin=C13-1
Added Pin To Net: NetName=GND Pin=C14-1
Added Pin To Net: NetName=GND Pin=C15-1
Added Pin To Net: NetName=GND Pin=C17-1
Added Pin To Net: NetName=GND Pin=C29-1
Added Pin To Net: NetName=GND Pin=C30-1
Added Pin To Net: NetName=GND Pin=C31-1
Added Pin To Net: NetName=GND Pin=C33-1
Added Pin To Net: NetName=GND Pin=C43-1
Added Pin To Net: NetName=GND Pin=C44-1
Added Pin To Net: NetName=GND Pin=C45-1
Added Pin To Net: NetName=VCC Pin=R6-2
Added Pin To Net: NetName=VCC Pin=R7-2
Added Pin To Net: NetName=VCC Pin=R8-2
Added Pin To Net: NetName=VCC Pin=R9-2
Added Pin To Net: NetName=VCC Pin=R10-2
Added Pin To Net: NetName=VCC Pin=R11-2
Added Pin To Net: NetName=VCC Pin=R12-2
Added Pin To Net: NetName=VCC Pin=R13-2
Added Pin To Net: NetName=GND Pin=R14-1
Added Pin To Net: NetName=GND Pin=R15-1
Added Pin To Net: NetName=GND Pin=R16-1
Added Pin To Net: NetName=GND Pin=R17-1
Added Pin To Net: NetName=GND Pin=R18-1
Added Pin To Net: NetName=GND Pin=R19-1
Added Pin To Net: NetName=GND Pin=R20-1
Added Pin To Net: NetName=GND Pin=R21-1
Added Pin To Net: NetName=VCC Pin=R22-2
Added Pin To Net: NetName=VCC Pin=R23-2
Added Pin To Net: NetName=VCC Pin=R24-2
Added Pin To Net: NetName=VCC Pin=R25-2
Added Pin To Net: NetName=VCC Pin=R26-2
Added Pin To Net: NetName=VCC Pin=R27-2
Added Pin To Net: NetName=VCC Pin=R28-2
Added Pin To Net: NetName=VCC Pin=R29-2
Added Pin To Net: NetName=GND Pin=R30-1
Added Pin To Net: NetName=GND Pin=R31-1
Added Pin To Net: NetName=GND Pin=R32-1
Added Pin To Net: NetName=GND Pin=R33-1
Added Pin To Net: NetName=GND Pin=R34-1
Added Pin To Net: NetName=GND Pin=R35-1
Added Pin To Net: NetName=GND Pin=R36-1
Added Pin To Net: NetName=GND Pin=R37-1
Added Pin To Net: NetName=VCC Pin=R38-2
Added Pin To Net: NetName=VCC Pin=R39-2
Added Pin To Net: NetName=VCC Pin=R40-2
Added Pin To Net: NetName=VCC Pin=R41-2
Added Pin To Net: NetName=VCC Pin=R42-2
Added Pin To Net: NetName=VCC Pin=R43-2
Added Pin To Net: NetName=GND Pin=R44-1
Added Pin To Net: NetName=GND Pin=R45-1
Added Pin To Net: NetName=GND Pin=R46-1
Added Pin To Net: NetName=GND Pin=R47-1
Added Pin To Net: NetName=GND Pin=R48-1
Added Pin To Net: NetName=GND Pin=R49-1
Added Pin To Net: NetName=MCU Pin=R*2-2
Added Pin To Net: NetName=MCU Pin=TERM4-1
Added Pin To Net: NetName=MCU Pin=TP3-1
Change Net Name : Old Net Name=Base New Net Name=BASE_1
Change Net Name : Old Net Name=Collector New Net Name=COLLECTOR_1
Change Net Name : Old Net Name=Emitter New Net Name=EMITTER_1
Change Net Name : Old Net Name=Feedback New Net Name=FEEDBACK_1
Change Net Name : Old Net Name=MCU New Net Name=MCU_1
Added Pin To Net: NetName=BASE_2 Pin=C5-2
Added Pin To Net: NetName=BASE_2 Pin=Q2-2
Added Pin To Net: NetName=BASE_2 Pin=R6-1
Added Pin To Net: NetName=BASE_2 Pin=R14-2
Added Pin To Net: NetName=BASE_2 Pin=TP_B2-1
Added Net: Name=BASE_2
Added Pin To Net: NetName=BASE_3 Pin=C6-2
Added Pin To Net: NetName=BASE_3 Pin=Q3-2
Added Pin To Net: NetName=BASE_3 Pin=R8-1
Added Pin To Net: NetName=BASE_3 Pin=R16-2
Added Pin To Net: NetName=BASE_3 Pin=TP_B3-1
Added Net: Name=BASE_3
Added Pin To Net: NetName=BASE_4 Pin=C7-2
Added Pin To Net: NetName=BASE_4 Pin=Q4-2
Added Pin To Net: NetName=BASE_4 Pin=R10-1
Added Pin To Net: NetName=BASE_4 Pin=R18-2
Added Pin To Net: NetName=BASE_4 Pin=TP_B4-1
Added Net: Name=BASE_4
Added Pin To Net: NetName=BASE_5 Pin=C8-2
Added Pin To Net: NetName=BASE_5 Pin=Q5-2
Added Pin To Net: NetName=BASE_5 Pin=R12-1
Added Pin To Net: NetName=BASE_5 Pin=R20-2
Added Pin To Net: NetName=BASE_5 Pin=TP_B5-1
Added Net: Name=BASE_5
Added Pin To Net: NetName=BASE_6 Pin=C21-2
Added Pin To Net: NetName=BASE_6 Pin=Q6-2
Added Pin To Net: NetName=BASE_6 Pin=R22-1
Added Pin To Net: NetName=BASE_6 Pin=R30-2
Added Pin To Net: NetName=BASE_6 Pin=TP_B6-1
Added Net: Name=BASE_6
Added Pin To Net: NetName=BASE_7 Pin=C22-2
Added Pin To Net: NetName=BASE_7 Pin=Q7-2
Added Pin To Net: NetName=BASE_7 Pin=R24-1
Added Pin To Net: NetName=BASE_7 Pin=R32-2
Added Pin To Net: NetName=BASE_7 Pin=TP_B7-1
Added Net: Name=BASE_7
Added Pin To Net: NetName=BASE_8 Pin=C23-2
Added Pin To Net: NetName=BASE_8 Pin=Q8-2
Added Pin To Net: NetName=BASE_8 Pin=R26-1
Added Pin To Net: NetName=BASE_8 Pin=R34-2
Added Pin To Net: NetName=BASE_8 Pin=TP_B8-1
Added Net: Name=BASE_8
Added Pin To Net: NetName=BASE_9 Pin=C24-2
Added Pin To Net: NetName=BASE_9 Pin=Q9-2
Added Pin To Net: NetName=BASE_9 Pin=R28-1
Added Pin To Net: NetName=BASE_9 Pin=R36-2
Added Pin To Net: NetName=BASE_9 Pin=TP_B9-1
Added Net: Name=BASE_9
Added Pin To Net: NetName=BASE_10 Pin=C37-2
Added Pin To Net: NetName=BASE_10 Pin=Q10-2
Added Pin To Net: NetName=BASE_10 Pin=R38-1
Added Pin To Net: NetName=BASE_10 Pin=R44-2
Added Pin To Net: NetName=BASE_10 Pin=TP_B10-1
Added Net: Name=BASE_10
Added Pin To Net: NetName=BASE_11 Pin=C38-2
Added Pin To Net: NetName=BASE_11 Pin=Q11-2
Added Pin To Net: NetName=BASE_11 Pin=R40-1
Added Pin To Net: NetName=BASE_11 Pin=R46-2
Added Pin To Net: NetName=BASE_11 Pin=TP_B11-1
Added Net: Name=BASE_11
Added Pin To Net: NetName=BASE_12 Pin=C39-2
Added Pin To Net: NetName=BASE_12 Pin=Q12-2
Added Pin To Net: NetName=BASE_12 Pin=R42-1
Added Pin To Net: NetName=BASE_12 Pin=R48-2
Added Pin To Net: NetName=BASE_12 Pin=TP_B12-1
Added Net: Name=BASE_12
Added Pin To Net: NetName=COLLECTOR_2 Pin=Q2-1
Added Pin To Net: NetName=COLLECTOR_2 Pin=R7-1
Added Pin To Net: NetName=COLLECTOR_2 Pin=R*2-1
Added Pin To Net: NetName=COLLECTOR_2 Pin=TP_C2-1
Added Net: Name=COLLECTOR_2
Added Pin To Net: NetName=COLLECTOR_3 Pin=Q3-1
Added Pin To Net: NetName=COLLECTOR_3 Pin=R9-1
Added Pin To Net: NetName=COLLECTOR_3 Pin=R*3-1
Added Pin To Net: NetName=COLLECTOR_3 Pin=TP_C3-1
Added Net: Name=COLLECTOR_3
Added Pin To Net: NetName=COLLECTOR_4 Pin=Q4-1
Added Pin To Net: NetName=COLLECTOR_4 Pin=R11-1
Added Pin To Net: NetName=COLLECTOR_4 Pin=R*4-1
Added Pin To Net: NetName=COLLECTOR_4 Pin=TP_C4-1
Added Net: Name=COLLECTOR_4
Added Pin To Net: NetName=COLLECTOR_5 Pin=Q5-1
Added Pin To Net: NetName=COLLECTOR_5 Pin=R13-1
Added Pin To Net: NetName=COLLECTOR_5 Pin=R*5-1
Added Pin To Net: NetName=COLLECTOR_5 Pin=TP_C5-1
Added Net: Name=COLLECTOR_5
Added Pin To Net: NetName=COLLECTOR_6 Pin=Q6-1
Added Pin To Net: NetName=COLLECTOR_6 Pin=R23-1
Added Pin To Net: NetName=COLLECTOR_6 Pin=R*6-1
Added Pin To Net: NetName=COLLECTOR_6 Pin=TP_C6-1
Added Net: Name=COLLECTOR_6
Added Pin To Net: NetName=COLLECTOR_7 Pin=Q7-1
Added Pin To Net: NetName=COLLECTOR_7 Pin=R25-1
Added Pin To Net: NetName=COLLECTOR_7 Pin=R*7-1
Added Pin To Net: NetName=COLLECTOR_7 Pin=TP_C7-1
Added Net: Name=COLLECTOR_7
Added Pin To Net: NetName=COLLECTOR_8 Pin=Q8-1
Added Pin To Net: NetName=COLLECTOR_8 Pin=R27-1
Added Pin To Net: NetName=COLLECTOR_8 Pin=R*8-1
Added Pin To Net: NetName=COLLECTOR_8 Pin=TP_C8-1
Added Net: Name=COLLECTOR_8
Added Pin To Net: NetName=COLLECTOR_9 Pin=Q9-1
Added Pin To Net: NetName=COLLECTOR_9 Pin=R29-1
Added Pin To Net: NetName=COLLECTOR_9 Pin=R*9-1
Added Pin To Net: NetName=COLLECTOR_9 Pin=TP_C9-1
Added Net: Name=COLLECTOR_9
Added Pin To Net: NetName=COLLECTOR_10 Pin=Q10-1
Added Pin To Net: NetName=COLLECTOR_10 Pin=R39-1
Added Pin To Net: NetName=COLLECTOR_10 Pin=R*10-1
Added Pin To Net: NetName=COLLECTOR_10 Pin=TP_C10-1
Added Net: Name=COLLECTOR_10
Added Pin To Net: NetName=COLLECTOR_11 Pin=Q11-1
Added Pin To Net: NetName=COLLECTOR_11 Pin=R41-1
Added Pin To Net: NetName=COLLECTOR_11 Pin=R*11-1
Added Pin To Net: NetName=COLLECTOR_11 Pin=TP_C11-1
Added Net: Name=COLLECTOR_11
Added Pin To Net: NetName=COLLECTOR_12 Pin=Q12-1
Added Pin To Net: NetName=COLLECTOR_12 Pin=R43-1
Added Pin To Net: NetName=COLLECTOR_12 Pin=R*12-1
Added Pin To Net: NetName=COLLECTOR_12 Pin=TP_C12-1
Added Net: Name=COLLECTOR_12
Added Pin To Net: NetName=EMITTER_2 Pin=C9-1
Added Pin To Net: NetName=EMITTER_2 Pin=C13-2
Added Pin To Net: NetName=EMITTER_2 Pin=C16-2
Added Pin To Net: NetName=EMITTER_2 Pin=Q2-3
Added Pin To Net: NetName=EMITTER_2 Pin=R15-2
Added Pin To Net: NetName=EMITTER_2 Pin=TP_E2-1
Added Net: Name=EMITTER_2
Added Pin To Net: NetName=EMITTER_3 Pin=C10-1
Added Pin To Net: NetName=EMITTER_3 Pin=C14-2
Added Pin To Net: NetName=EMITTER_3 Pin=C18-2
Added Pin To Net: NetName=EMITTER_3 Pin=Q3-3
Added Pin To Net: NetName=EMITTER_3 Pin=R17-2
Added Pin To Net: NetName=EMITTER_3 Pin=TP_E3-1
Added Net: Name=EMITTER_3
Added Pin To Net: NetName=EMITTER_4 Pin=C11-1
Added Pin To Net: NetName=EMITTER_4 Pin=C15-2
Added Pin To Net: NetName=EMITTER_4 Pin=C19-2
Added Pin To Net: NetName=EMITTER_4 Pin=Q4-3
Added Pin To Net: NetName=EMITTER_4 Pin=R19-2
Added Pin To Net: NetName=EMITTER_4 Pin=TP_E4-1
Added Net: Name=EMITTER_4
Added Pin To Net: NetName=EMITTER_5 Pin=C12-1
Added Pin To Net: NetName=EMITTER_5 Pin=C17-2
Added Pin To Net: NetName=EMITTER_5 Pin=C20-2
Added Pin To Net: NetName=EMITTER_5 Pin=Q5-3
Added Pin To Net: NetName=EMITTER_5 Pin=R21-2
Added Pin To Net: NetName=EMITTER_5 Pin=TP_E5-1
Added Net: Name=EMITTER_5
Added Pin To Net: NetName=EMITTER_6 Pin=C25-1
Added Pin To Net: NetName=EMITTER_6 Pin=C29-2
Added Pin To Net: NetName=EMITTER_6 Pin=C32-2
Added Pin To Net: NetName=EMITTER_6 Pin=Q6-3
Added Pin To Net: NetName=EMITTER_6 Pin=R31-2
Added Pin To Net: NetName=EMITTER_6 Pin=TP_E6-1
Added Net: Name=EMITTER_6
Added Pin To Net: NetName=EMITTER_7 Pin=C26-1
Added Pin To Net: NetName=EMITTER_7 Pin=C30-2
Added Pin To Net: NetName=EMITTER_7 Pin=C34-2
Added Pin To Net: NetName=EMITTER_7 Pin=Q7-3
Added Pin To Net: NetName=EMITTER_7 Pin=R33-2
Added Pin To Net: NetName=EMITTER_7 Pin=TP_E7-1
Added Net: Name=EMITTER_7
Added Pin To Net: NetName=EMITTER_8 Pin=C27-1
Added Pin To Net: NetName=EMITTER_8 Pin=C31-2
Added Pin To Net: NetName=EMITTER_8 Pin=C35-2
Added Pin To Net: NetName=EMITTER_8 Pin=Q8-3
Added Pin To Net: NetName=EMITTER_8 Pin=R35-2
Added Pin To Net: NetName=EMITTER_8 Pin=TP_E8-1
Added Net: Name=EMITTER_8
Added Pin To Net: NetName=EMITTER_9 Pin=C28-1
Added Pin To Net: NetName=EMITTER_9 Pin=C33-2
Added Pin To Net: NetName=EMITTER_9 Pin=C36-2
Added Pin To Net: NetName=EMITTER_9 Pin=Q9-3
Added Pin To Net: NetName=EMITTER_9 Pin=R37-2
Added Pin To Net: NetName=EMITTER_9 Pin=TP_E9-1
Added Net: Name=EMITTER_9
Added Pin To Net: NetName=EMITTER_10 Pin=C40-1
Added Pin To Net: NetName=EMITTER_10 Pin=C43-2
Added Pin To Net: NetName=EMITTER_10 Pin=C46-2
Added Pin To Net: NetName=EMITTER_10 Pin=Q10-3
Added Pin To Net: NetName=EMITTER_10 Pin=R45-2
Added Pin To Net: NetName=EMITTER_10 Pin=TP_E10-1
Added Net: Name=EMITTER_10
Added Pin To Net: NetName=EMITTER_11 Pin=C41-1
Added Pin To Net: NetName=EMITTER_11 Pin=C44-2
Added Pin To Net: NetName=EMITTER_11 Pin=C47-2
Added Pin To Net: NetName=EMITTER_11 Pin=Q11-3
Added Pin To Net: NetName=EMITTER_11 Pin=R47-2
Added Pin To Net: NetName=EMITTER_11 Pin=TP_E11-1
Added Net: Name=EMITTER_11
Added Pin To Net: NetName=EMITTER_12 Pin=C42-1
Added Pin To Net: NetName=EMITTER_12 Pin=C45-2
Added Pin To Net: NetName=EMITTER_12 Pin=C48-2
Added Pin To Net: NetName=EMITTER_12 Pin=Q12-3
Added Pin To Net: NetName=EMITTER_12 Pin=R49-2
Added Pin To Net: NetName=EMITTER_12 Pin=TP_E12-1
Added Net: Name=EMITTER_12
Added Pin To Net: NetName=FEEDBACK_2 Pin=C5-1
Added Pin To Net: NetName=FEEDBACK_2 Pin=C16-1
Added Pin To Net: NetName=FEEDBACK_2 Pin=TERM4-2
Added Pin To Net: NetName=FEEDBACK_2 Pin=TP7-1
Added Net: Name=FEEDBACK_2
Added Pin To Net: NetName=FEEDBACK_3 Pin=C6-1
Added Pin To Net: NetName=FEEDBACK_3 Pin=C18-1
Added Pin To Net: NetName=FEEDBACK_3 Pin=TERM5-2
Added Pin To Net: NetName=FEEDBACK_3 Pin=TP8-1
Added Net: Name=FEEDBACK_3
Added Pin To Net: NetName=FEEDBACK_4 Pin=C7-1
Added Pin To Net: NetName=FEEDBACK_4 Pin=C19-1
Added Pin To Net: NetName=FEEDBACK_4 Pin=TERM6-2
Added Pin To Net: NetName=FEEDBACK_4 Pin=TP9-1
Added Net: Name=FEEDBACK_4
Added Pin To Net: NetName=FEEDBACK_5 Pin=C8-1
Added Pin To Net: NetName=FEEDBACK_5 Pin=C20-1
Added Pin To Net: NetName=FEEDBACK_5 Pin=TERM7-2
Added Pin To Net: NetName=FEEDBACK_5 Pin=TP10-1
Added Net: Name=FEEDBACK_5
Added Pin To Net: NetName=FEEDBACK_6 Pin=C21-1
Added Pin To Net: NetName=FEEDBACK_6 Pin=C32-1
Added Pin To Net: NetName=FEEDBACK_6 Pin=TERM8-2
Added Pin To Net: NetName=FEEDBACK_6 Pin=TP15-1
Added Net: Name=FEEDBACK_6
Added Pin To Net: NetName=FEEDBACK_7 Pin=C22-1
Added Pin To Net: NetName=FEEDBACK_7 Pin=C34-1
Added Pin To Net: NetName=FEEDBACK_7 Pin=TERM9-2
Added Pin To Net: NetName=FEEDBACK_7 Pin=TP16-1
Added Net: Name=FEEDBACK_7
Added Pin To Net: NetName=FEEDBACK_8 Pin=C23-1
Added Pin To Net: NetName=FEEDBACK_8 Pin=C35-1
Added Pin To Net: NetName=FEEDBACK_8 Pin=TERM10-2
Added Pin To Net: NetName=FEEDBACK_8 Pin=TP17-1
Added Net: Name=FEEDBACK_8
Added Pin To Net: NetName=FEEDBACK_9 Pin=C24-1
Added Pin To Net: NetName=FEEDBACK_9 Pin=C36-1
Added Pin To Net: NetName=FEEDBACK_9 Pin=TERM11-2
Added Pin To Net: NetName=FEEDBACK_9 Pin=TP18-1
Added Net: Name=FEEDBACK_9
Added Pin To Net: NetName=FEEDBACK_10 Pin=C37-1
Added Pin To Net: NetName=FEEDBACK_10 Pin=C46-1
Added Pin To Net: NetName=FEEDBACK_10 Pin=TERM12-2
Added Pin To Net: NetName=FEEDBACK_10 Pin=TP22-1
Added Net: Name=FEEDBACK_10
Added Pin To Net: NetName=FEEDBACK_11 Pin=C38-1
Added Pin To Net: NetName=FEEDBACK_11 Pin=C47-1
Added Pin To Net: NetName=FEEDBACK_11 Pin=TERM13-2
Added Pin To Net: NetName=FEEDBACK_11 Pin=TP23-1
Added Net: Name=FEEDBACK_11
Added Pin To Net: NetName=FEEDBACK_12 Pin=C39-1
Added Pin To Net: NetName=FEEDBACK_12 Pin=C48-1
Added Pin To Net: NetName=FEEDBACK_12 Pin=TERM14-2
Added Pin To Net: NetName=FEEDBACK_12 Pin=TP24-1
Added Net: Name=FEEDBACK_12
Added Pin To Net: NetName=MCU_3 Pin=C10-2
Added Pin To Net: NetName=MCU_3 Pin=R*3-2
Added Pin To Net: NetName=MCU_3 Pin=TERM5-1
Added Pin To Net: NetName=MCU_3 Pin=TP4-1
Added Net: Name=MCU_3
Added Pin To Net: NetName=MCU_4 Pin=C11-2
Added Pin To Net: NetName=MCU_4 Pin=R*4-2
Added Pin To Net: NetName=MCU_4 Pin=TERM6-1
Added Pin To Net: NetName=MCU_4 Pin=TP5-1
Added Net: Name=MCU_4
Added Pin To Net: NetName=MCU_5 Pin=C12-2
Added Pin To Net: NetName=MCU_5 Pin=R*5-2
Added Pin To Net: NetName=MCU_5 Pin=TERM7-1
Added Pin To Net: NetName=MCU_5 Pin=TP6-1
Added Net: Name=MCU_5
Added Pin To Net: NetName=MCU_6 Pin=C25-2
Added Pin To Net: NetName=MCU_6 Pin=R*6-2
Added Pin To Net: NetName=MCU_6 Pin=TERM8-1
Added Pin To Net: NetName=MCU_6 Pin=TP11-1
Added Net: Name=MCU_6
Added Pin To Net: NetName=MCU_7 Pin=C26-2
Added Pin To Net: NetName=MCU_7 Pin=R*7-2
Added Pin To Net: NetName=MCU_7 Pin=TERM9-1
Added Pin To Net: NetName=MCU_7 Pin=TP12-1
Added Net: Name=MCU_7
Added Pin To Net: NetName=MCU_8 Pin=C27-2
Added Pin To Net: NetName=MCU_8 Pin=R*8-2
Added Pin To Net: NetName=MCU_8 Pin=TERM10-1
Added Pin To Net: NetName=MCU_8 Pin=TP13-1
Added Net: Name=MCU_8
Added Pin To Net: NetName=MCU_9 Pin=C28-2
Added Pin To Net: NetName=MCU_9 Pin=R*9-2
Added Pin To Net: NetName=MCU_9 Pin=TERM11-1
Added Pin To Net: NetName=MCU_9 Pin=TP14-1
Added Net: Name=MCU_9
Added Pin To Net: NetName=MCU_10 Pin=C40-2
Added Pin To Net: NetName=MCU_10 Pin=R*10-2
Added Pin To Net: NetName=MCU_10 Pin=TERM12-1
Added Pin To Net: NetName=MCU_10 Pin=TP19-1
Added Net: Name=MCU_10
Added Pin To Net: NetName=MCU_11 Pin=C41-2
Added Pin To Net: NetName=MCU_11 Pin=R*11-2
Added Pin To Net: NetName=MCU_11 Pin=TERM13-1
Added Pin To Net: NetName=MCU_11 Pin=TP20-1
Added Net: Name=MCU_11
Added Pin To Net: NetName=MCU_12 Pin=C42-2
Added Pin To Net: NetName=MCU_12 Pin=R*12-2
Added Pin To Net: NetName=MCU_12 Pin=TERM14-1
Added Pin To Net: NetName=MCU_12 Pin=TP21-1
Added Net: Name=MCU_12
Added Pin To Net: NetName=MCU Pin=TERM3-1
Added Net: Name=MCU
Added Class: Name=Detection_Circuit_Sheet_02
Added Member To Class: ClassName=Detection_Circuit_Sheet_01 Member=Component C2 08055C224JAT2A
Added Room: Name=Detection_Circuit_Sheet_02
