Change Component Designator: Old Designator=C1 New Designator=C?
Change Component Designator: Old Designator=C1 New Designator=C?
Change Component Designator: Old Designator=C1 New Designator=C?
Change Component Designator: Old Designator=C1 New Designator=C?
Change Component Designator: Old Designator=C1 New Designator=C?
Change Component Designator: Old Designator=C1 New Designator=C?
Change Component Designator: Old Designator=C1 New Designator=C?
Change Component Designator: Old Designator=C1 New Designator=C?
Change Component Designator: Old Designator=C1 New Designator=C?
Change Component Designator: Old Designator=C1 New Designator=C?
Change Component Designator: Old Designator=C1 New Designator=C?
Change Component Designator: Old Designator=C3 New Designator=C?
Change Component Designator: Old Designator=C3 New Designator=C?
Change Component Designator: Old Designator=C3 New Designator=C?
Change Component Designator: Old Designator=C3 New Designator=C?
Change Component Designator: Old Designator=C3 New Designator=C?
Change Component Designator: Old Designator=C3 New Designator=C?
Change Component Designator: Old Designator=C3 New Designator=C?
Change Component Designator: Old Designator=C3 New Designator=C?
Change Component Designator: Old Designator=C3 New Designator=C?
Change Component Designator: Old Designator=C3 New Designator=C?
Change Component Designator: Old Designator=C3 New Designator=C?
Change Component Designator: Old Designator=C4 New Designator=C?
Change Component Designator: Old Designator=C4 New Designator=C?
Change Component Designator: Old Designator=C4 New Designator=C?
Change Component Designator: Old Designator=C4 New Designator=C?
Change Component Designator: Old Designator=C4 New Designator=C?
Change Component Designator: Old Designator=C4 New Designator=C?
Change Component Designator: Old Designator=C4 New Designator=C?
Change Component Designator: Old Designator=C4 New Designator=C?
Change Component Designator: Old Designator=C4 New Designator=C?
Change Component Designator: Old Designator=C4 New Designator=C?
Change Component Designator: Old Designator=C4 New Designator=C?
Change Component Designator: Old Designator=C5 New Designator=C?
Change Component Designator: Old Designator=C5 New Designator=C?
Change Component Designator: Old Designator=C5 New Designator=C?
Change Component Designator: Old Designator=C5 New Designator=C?
Change Component Designator: Old Designator=C5 New Designator=C?
Change Component Designator: Old Designator=C5 New Designator=C?
Change Component Designator: Old Designator=C5 New Designator=C?
Change Component Designator: Old Designator=C5 New Designator=C?
Change Component Designator: Old Designator=C5 New Designator=C?
Change Component Designator: Old Designator=C5 New Designator=C?
Change Component Designator: Old Designator=C5 New Designator=C?
Change Component Designator: Old Designator=Q1 New Designator=Q?
Change Component Designator: Old Designator=Q1 New Designator=Q?
Change Component Designator: Old Designator=Q1 New Designator=Q?
Change Component Designator: Old Designator=Q1 New Designator=Q?
Change Component Designator: Old Designator=Q1 New Designator=Q?
Change Component Designator: Old Designator=Q1 New Designator=Q?
Change Component Designator: Old Designator=Q1 New Designator=Q?
Change Component Designator: Old Designator=Q1 New Designator=Q?
Change Component Designator: Old Designator=Q1 New Designator=Q?
Change Component Designator: Old Designator=Q1 New Designator=Q?
Change Component Designator: Old Designator=Q1 New Designator=Q?
Change Component Designator: Old Designator=R1 New Designator=R?
Change Component Designator: Old Designator=R1 New Designator=R?
Change Component Designator: Old Designator=R1 New Designator=R?
Change Component Designator: Old Designator=R1 New Designator=R?
Change Component Designator: Old Designator=R1 New Designator=R?
Change Component Designator: Old Designator=R1 New Designator=R?
Change Component Designator: Old Designator=R1 New Designator=R?
Change Component Designator: Old Designator=R1 New Designator=R?
Change Component Designator: Old Designator=R1 New Designator=R?
Change Component Designator: Old Designator=R1 New Designator=R?
Change Component Designator: Old Designator=R1 New Designator=R?
Change Component Designator: Old Designator=R2 New Designator=R?
Change Component Designator: Old Designator=R2 New Designator=R?
Change Component Designator: Old Designator=R2 New Designator=R?
Change Component Designator: Old Designator=R2 New Designator=R?
Change Component Designator: Old Designator=R2 New Designator=R?
Change Component Designator: Old Designator=R2 New Designator=R?
Change Component Designator: Old Designator=R2 New Designator=R?
Change Component Designator: Old Designator=R2 New Designator=R?
Change Component Designator: Old Designator=R2 New Designator=R?
Change Component Designator: Old Designator=R2 New Designator=R?
Change Component Designator: Old Designator=R2 New Designator=R?
Change Component Designator: Old Designator=R3 New Designator=R?
Change Component Designator: Old Designator=R3 New Designator=R?
Change Component Designator: Old Designator=R3 New Designator=R?
Change Component Designator: Old Designator=R3 New Designator=R?
Change Component Designator: Old Designator=R3 New Designator=R?
Change Component Designator: Old Designator=R3 New Designator=R?
Change Component Designator: Old Designator=R3 New Designator=R?
Change Component Designator: Old Designator=R3 New Designator=R?
Change Component Designator: Old Designator=R3 New Designator=R?
Change Component Designator: Old Designator=R3 New Designator=R?
Change Component Designator: Old Designator=R3 New Designator=R?
Change Component Designator: Old Designator=R4 New Designator=R?
Change Component Designator: Old Designator=R4 New Designator=R?
Change Component Designator: Old Designator=R4 New Designator=R?
Change Component Designator: Old Designator=R4 New Designator=R?
Change Component Designator: Old Designator=R4 New Designator=R?
Change Component Designator: Old Designator=R4 New Designator=R?
Change Component Designator: Old Designator=R4 New Designator=R?
Change Component Designator: Old Designator=R4 New Designator=R?
Change Component Designator: Old Designator=R4 New Designator=R?
Change Component Designator: Old Designator=R4 New Designator=R?
Change Component Designator: Old Designator=R4 New Designator=R?
Change Component Designator: Old Designator=R* New Designator=R*?
Change Component Designator: Old Designator=R* New Designator=R*?
Change Component Designator: Old Designator=R* New Designator=R*?
Change Component Designator: Old Designator=R* New Designator=R*?
Change Component Designator: Old Designator=R* New Designator=R*?
Change Component Designator: Old Designator=R* New Designator=R*?
Change Component Designator: Old Designator=R* New Designator=R*?
Change Component Designator: Old Designator=R* New Designator=R*?
Change Component Designator: Old Designator=R* New Designator=R*?
Change Component Designator: Old Designator=R* New Designator=R*?
Change Component Designator: Old Designator=R* New Designator=R*?
Change Component Designator: Old Designator=TERM1 New Designator=TERM?
Change Component Designator: Old Designator=TERM1 New Designator=TERM?
Change Component Designator: Old Designator=TERM1 New Designator=TERM?
Change Component Designator: Old Designator=TERM1 New Designator=TERM?
Change Component Designator: Old Designator=TERM1 New Designator=TERM?
Change Component Designator: Old Designator=TERM1 New Designator=TERM?
Change Component Designator: Old Designator=TERM1 New Designator=TERM?
Change Component Designator: Old Designator=TERM1 New Designator=TERM?
Change Component Designator: Old Designator=TERM1 New Designator=TERM?
Change Component Designator: Old Designator=TERM1 New Designator=TERM?
Change Component Designator: Old Designator=TERM1 New Designator=TERM?
Change Component Designator: Old Designator=TP1 New Designator=TP?
Change Component Designator: Old Designator=TP1 New Designator=TP?
Change Component Designator: Old Designator=TP1 New Designator=TP?
Change Component Designator: Old Designator=TP1 New Designator=TP?
Change Component Designator: Old Designator=TP1 New Designator=TP?
Change Component Designator: Old Designator=TP1 New Designator=TP?
Change Component Designator: Old Designator=TP1 New Designator=TP?
Change Component Designator: Old Designator=TP1 New Designator=TP?
Change Component Designator: Old Designator=TP1 New Designator=TP?
Change Component Designator: Old Designator=TP1 New Designator=TP?
Change Component Designator: Old Designator=TP1 New Designator=TP?
Change Component Designator: Old Designator=TP2 New Designator=TP?
Change Component Designator: Old Designator=TP2 New Designator=TP?
Change Component Designator: Old Designator=TP2 New Designator=TP?
Change Component Designator: Old Designator=TP2 New Designator=TP?
Change Component Designator: Old Designator=TP2 New Designator=TP?
Change Component Designator: Old Designator=TP2 New Designator=TP?
Change Component Designator: Old Designator=TP2 New Designator=TP?
Change Component Designator: Old Designator=TP2 New Designator=TP?
Change Component Designator: Old Designator=TP2 New Designator=TP?
Change Component Designator: Old Designator=TP2 New Designator=TP?
Change Component Designator: Old Designator=TP2 New Designator=TP?
Change Component Designator: Old Designator=TP_B New Designator=TP_B?
Change Component Designator: Old Designator=TP_B New Designator=TP_B?
Change Component Designator: Old Designator=TP_B New Designator=TP_B?
Change Component Designator: Old Designator=TP_B New Designator=TP_B?
Change Component Designator: Old Designator=TP_B New Designator=TP_B?
Change Component Designator: Old Designator=TP_B New Designator=TP_B?
Change Component Designator: Old Designator=TP_B New Designator=TP_B?
Change Component Designator: Old Designator=TP_B New Designator=TP_B?
Change Component Designator: Old Designator=TP_B New Designator=TP_B?
Change Component Designator: Old Designator=TP_B New Designator=TP_B?
Change Component Designator: Old Designator=TP_B New Designator=TP_B?
Change Component Designator: Old Designator=TP_C New Designator=TP_C?
Change Component Designator: Old Designator=TP_C New Designator=TP_C?
Change Component Designator: Old Designator=TP_C New Designator=TP_C?
Change Component Designator: Old Designator=TP_C New Designator=TP_C?
Change Component Designator: Old Designator=TP_C New Designator=TP_C?
Change Component Designator: Old Designator=TP_C New Designator=TP_C?
Change Component Designator: Old Designator=TP_C New Designator=TP_C?
Change Component Designator: Old Designator=TP_C New Designator=TP_C?
Change Component Designator: Old Designator=TP_C New Designator=TP_C?
Change Component Designator: Old Designator=TP_C New Designator=TP_C?
Change Component Designator: Old Designator=TP_C New Designator=TP_C?
Change Component Designator: Old Designator=TP_E New Designator=TP_E?
Change Component Designator: Old Designator=TP_E New Designator=TP_E?
Change Component Designator: Old Designator=TP_E New Designator=TP_E?
Change Component Designator: Old Designator=TP_E New Designator=TP_E?
Change Component Designator: Old Designator=TP_E New Designator=TP_E?
Change Component Designator: Old Designator=TP_E New Designator=TP_E?
Change Component Designator: Old Designator=TP_E New Designator=TP_E?
Change Component Designator: Old Designator=TP_E New Designator=TP_E?
Change Component Designator: Old Designator=TP_E New Designator=TP_E?
Change Component Designator: Old Designator=TP_E New Designator=TP_E?
Change Component Designator: Old Designator=TP_E New Designator=TP_E?
