Change Physical Footprint: Designator=C1 Old Footprint=C1210_M New Footprint=C1210_M
Change Physical Footprint: Designator=C2 Old Footprint=6-0805_N New Footprint=6-0805_N
Change Physical Footprint: Designator=C3 Old Footprint=C1210_M New Footprint=C1210_M
Change Physical Footprint: Designator=C4 Old Footprint=6-0805_N New Footprint=6-0805_N
Change Physical Footprint: Designator=C5 Old Footprint=C1210_M New Footprint=C1210_M
Change Physical Footprint: Designator=C6 Old Footprint=C1210_M New Footprint=C1210_M
Change Physical Footprint: Designator=C7 Old Footprint=C1210_M New Footprint=C1210_M
Change Physical Footprint: Designator=C8 Old Footprint=C1210_M New Footprint=C1210_M
Change Physical Footprint: Designator=C9 Old Footprint=6-0805_N New Footprint=6-0805_N
Change Physical Footprint: Designator=C10 Old Footprint=6-0805_N New Footprint=6-0805_N
Change Physical Footprint: Designator=C11 Old Footprint=6-0805_N New Footprint=6-0805_N
Change Physical Footprint: Designator=C12 Old Footprint=6-0805_N New Footprint=6-0805_N
Change Physical Footprint: Designator=C13 Old Footprint=C1210_M New Footprint=C1210_M
Change Physical Footprint: Designator=C14 Old Footprint=C1210_M New Footprint=C1210_M
Change Physical Footprint: Designator=C15 Old Footprint=C1210_M New Footprint=C1210_M
Change Physical Footprint: Designator=C16 Old Footprint=6-0805_N New Footprint=6-0805_N
Change Physical Footprint: Designator=C17 Old Footprint=C1210_M New Footprint=C1210_M
Change Physical Footprint: Designator=C18 Old Footprint=6-0805_N New Footprint=6-0805_N
Change Physical Footprint: Designator=C19 Old Footprint=6-0805_N New Footprint=6-0805_N
Change Physical Footprint: Designator=C20 Old Footprint=6-0805_N New Footprint=6-0805_N
Change Physical Footprint: Designator=C21 Old Footprint=C1210_M New Footprint=C1210_M
Change Physical Footprint: Designator=C22 Old Footprint=C1210_M New Footprint=C1210_M
Change Physical Footprint: Designator=C23 Old Footprint=C1210_M New Footprint=C1210_M
Change Physical Footprint: Designator=C24 Old Footprint=C1210_M New Footprint=C1210_M
Change Physical Footprint: Designator=C25 Old Footprint=6-0805_N New Footprint=6-0805_N
Change Physical Footprint: Designator=C26 Old Footprint=6-0805_N New Footprint=6-0805_N
Change Physical Footprint: Designator=C27 Old Footprint=6-0805_N New Footprint=6-0805_N
Change Physical Footprint: Designator=C28 Old Footprint=6-0805_N New Footprint=6-0805_N
Change Physical Footprint: Designator=C29 Old Footprint=C1210_M New Footprint=C1210_M
Change Physical Footprint: Designator=C30 Old Footprint=C1210_M New Footprint=C1210_M
Change Physical Footprint: Designator=C31 Old Footprint=C1210_M New Footprint=C1210_M
Change Physical Footprint: Designator=C32 Old Footprint=6-0805_N New Footprint=6-0805_N
Change Physical Footprint: Designator=C33 Old Footprint=C1210_M New Footprint=C1210_M
Change Physical Footprint: Designator=C34 Old Footprint=6-0805_N New Footprint=6-0805_N
Change Physical Footprint: Designator=C35 Old Footprint=6-0805_N New Footprint=6-0805_N
Change Physical Footprint: Designator=C36 Old Footprint=6-0805_N New Footprint=6-0805_N
Change Physical Footprint: Designator=C37 Old Footprint=C1210_M New Footprint=C1210_M
Change Physical Footprint: Designator=C38 Old Footprint=C1210_M New Footprint=C1210_M
Change Physical Footprint: Designator=C39 Old Footprint=C1210_M New Footprint=C1210_M
Change Physical Footprint: Designator=C40 Old Footprint=6-0805_N New Footprint=6-0805_N
Change Physical Footprint: Designator=C41 Old Footprint=6-0805_N New Footprint=6-0805_N
Change Physical Footprint: Designator=C42 Old Footprint=6-0805_N New Footprint=6-0805_N
Change Physical Footprint: Designator=C43 Old Footprint=C1210_M New Footprint=C1210_M
Change Physical Footprint: Designator=C44 Old Footprint=C1210_M New Footprint=C1210_M
Change Physical Footprint: Designator=C45 Old Footprint=C1210_M New Footprint=C1210_M
Change Physical Footprint: Designator=C46 Old Footprint=6-0805_N New Footprint=6-0805_N
Change Physical Footprint: Designator=C47 Old Footprint=6-0805_N New Footprint=6-0805_N
Change Physical Footprint: Designator=C48 Old Footprint=6-0805_N New Footprint=6-0805_N
Change Physical Footprint: Designator=D1 Old Footprint=6-0805_M New Footprint=6-0805_M
Change Physical Footprint: Designator=FID1 Old Footprint=Fiducial New Footprint=Fiducial
Change Physical Footprint: Designator=FID2 Old Footprint=Fiducial New Footprint=Fiducial
Change Physical Footprint: Designator=FID3 Old Footprint=Fiducial New Footprint=Fiducial
Change Physical Footprint: Designator=MH1 Old Footprint=#6_MH New Footprint=#6_MH
Change Physical Footprint: Designator=MH2 Old Footprint=#6_MH New Footprint=#6_MH
Change Physical Footprint: Designator=MH3 Old Footprint=#6_MH New Footprint=#6_MH
Change Physical Footprint: Designator=MH4 Old Footprint=#6_MH New Footprint=#6_MH
Change Physical Footprint: Designator=Q1 Old Footprint=DXT3904-13 New Footprint=DXT3904-13
Change Physical Footprint: Designator=Q2 Old Footprint=DXT3904-13 New Footprint=DXT3904-13
Change Physical Footprint: Designator=Q3 Old Footprint=DXT3904-13 New Footprint=DXT3904-13
Change Physical Footprint: Designator=Q4 Old Footprint=DXT3904-13 New Footprint=DXT3904-13
Change Physical Footprint: Designator=Q5 Old Footprint=DXT3904-13 New Footprint=DXT3904-13
Change Physical Footprint: Designator=Q6 Old Footprint=DXT3904-13 New Footprint=DXT3904-13
Change Physical Footprint: Designator=Q7 Old Footprint=DXT3904-13 New Footprint=DXT3904-13
Change Physical Footprint: Designator=Q8 Old Footprint=DXT3904-13 New Footprint=DXT3904-13
Change Physical Footprint: Designator=Q9 Old Footprint=DXT3904-13 New Footprint=DXT3904-13
Change Physical Footprint: Designator=Q10 Old Footprint=DXT3904-13 New Footprint=DXT3904-13
Change Physical Footprint: Designator=Q11 Old Footprint=DXT3904-13 New Footprint=DXT3904-13
Change Physical Footprint: Designator=Q12 Old Footprint=DXT3904-13 New Footprint=DXT3904-13
Change Physical Footprint: Designator=R1 Old Footprint=6-0805_M New Footprint=6-0805_M
Change Physical Footprint: Designator=R2 Old Footprint=6-0805_M New Footprint=6-0805_M
Change Physical Footprint: Designator=R3 Old Footprint=6-0805_M New Footprint=6-0805_M
Change Physical Footprint: Designator=R4 Old Footprint=6-0805_M New Footprint=6-0805_M
Change Physical Footprint: Designator=R5 Old Footprint=6-0805_M New Footprint=6-0805_M
Change Physical Footprint: Designator=R6 Old Footprint=6-0805_M New Footprint=6-0805_M
Change Physical Footprint: Designator=R7 Old Footprint=6-0805_M New Footprint=6-0805_M
Change Physical Footprint: Designator=R8 Old Footprint=6-0805_M New Footprint=6-0805_M
Change Physical Footprint: Designator=R9 Old Footprint=6-0805_M New Footprint=6-0805_M
Change Physical Footprint: Designator=R10 Old Footprint=6-0805_M New Footprint=6-0805_M
Change Physical Footprint: Designator=R11 Old Footprint=6-0805_M New Footprint=6-0805_M
Change Physical Footprint: Designator=R12 Old Footprint=6-0805_M New Footprint=6-0805_M
Change Physical Footprint: Designator=R13 Old Footprint=6-0805_M New Footprint=6-0805_M
Change Physical Footprint: Designator=R14 Old Footprint=6-0805_M New Footprint=6-0805_M
Change Physical Footprint: Designator=R15 Old Footprint=6-0805_M New Footprint=6-0805_M
Change Physical Footprint: Designator=R16 Old Footprint=6-0805_M New Footprint=6-0805_M
Change Physical Footprint: Designator=R17 Old Footprint=6-0805_M New Footprint=6-0805_M
Change Physical Footprint: Designator=R18 Old Footprint=6-0805_M New Footprint=6-0805_M
Change Physical Footprint: Designator=R19 Old Footprint=6-0805_M New Footprint=6-0805_M
Change Physical Footprint: Designator=R20 Old Footprint=6-0805_M New Footprint=6-0805_M
Change Physical Footprint: Designator=R21 Old Footprint=6-0805_M New Footprint=6-0805_M
Change Physical Footprint: Designator=R22 Old Footprint=6-0805_M New Footprint=6-0805_M
Change Physical Footprint: Designator=R23 Old Footprint=6-0805_M New Footprint=6-0805_M
Change Physical Footprint: Designator=R24 Old Footprint=6-0805_M New Footprint=6-0805_M
Change Physical Footprint: Designator=R25 Old Footprint=6-0805_M New Footprint=6-0805_M
Change Physical Footprint: Designator=R26 Old Footprint=6-0805_M New Footprint=6-0805_M
Change Physical Footprint: Designator=R27 Old Footprint=6-0805_M New Footprint=6-0805_M
Change Physical Footprint: Designator=R28 Old Footprint=6-0805_M New Footprint=6-0805_M
Change Physical Footprint: Designator=R29 Old Footprint=6-0805_M New Footprint=6-0805_M
Change Physical Footprint: Designator=R30 Old Footprint=6-0805_M New Footprint=6-0805_M
Change Physical Footprint: Designator=R31 Old Footprint=6-0805_M New Footprint=6-0805_M
Change Physical Footprint: Designator=R32 Old Footprint=6-0805_M New Footprint=6-0805_M
Change Physical Footprint: Designator=R33 Old Footprint=6-0805_M New Footprint=6-0805_M
Change Physical Footprint: Designator=R34 Old Footprint=6-0805_M New Footprint=6-0805_M
Change Physical Footprint: Designator=R35 Old Footprint=6-0805_M New Footprint=6-0805_M
Change Physical Footprint: Designator=R36 Old Footprint=6-0805_M New Footprint=6-0805_M
Change Physical Footprint: Designator=R37 Old Footprint=6-0805_M New Footprint=6-0805_M
Change Physical Footprint: Designator=R38 Old Footprint=6-0805_M New Footprint=6-0805_M
Change Physical Footprint: Designator=R39 Old Footprint=6-0805_M New Footprint=6-0805_M
Change Physical Footprint: Designator=R40 Old Footprint=6-0805_M New Footprint=6-0805_M
Change Physical Footprint: Designator=R41 Old Footprint=6-0805_M New Footprint=6-0805_M
Change Physical Footprint: Designator=R42 Old Footprint=6-0805_M New Footprint=6-0805_M
Change Physical Footprint: Designator=R43 Old Footprint=6-0805_M New Footprint=6-0805_M
Change Physical Footprint: Designator=R44 Old Footprint=6-0805_M New Footprint=6-0805_M
Change Physical Footprint: Designator=R45 Old Footprint=6-0805_M New Footprint=6-0805_M
Change Physical Footprint: Designator=R46 Old Footprint=6-0805_M New Footprint=6-0805_M
Change Physical Footprint: Designator=R47 Old Footprint=6-0805_M New Footprint=6-0805_M
Change Physical Footprint: Designator=R48 Old Footprint=6-0805_M New Footprint=6-0805_M
Change Physical Footprint: Designator=R49 Old Footprint=6-0805_M New Footprint=6-0805_M
Change Physical Footprint: Designator=R*1 Old Footprint=6-0805_M New Footprint=6-0805_M
Change Physical Footprint: Designator=R*2 Old Footprint=6-0805_M New Footprint=6-0805_M
Change Physical Footprint: Designator=R*3 Old Footprint=6-0805_M New Footprint=6-0805_M
Change Physical Footprint: Designator=R*4 Old Footprint=6-0805_M New Footprint=6-0805_M
Change Physical Footprint: Designator=R*5 Old Footprint=6-0805_M New Footprint=6-0805_M
Change Physical Footprint: Designator=R*6 Old Footprint=6-0805_M New Footprint=6-0805_M
Change Physical Footprint: Designator=R*7 Old Footprint=6-0805_M New Footprint=6-0805_M
Change Physical Footprint: Designator=R*8 Old Footprint=6-0805_M New Footprint=6-0805_M
Change Physical Footprint: Designator=R*9 Old Footprint=6-0805_M New Footprint=6-0805_M
Change Physical Footprint: Designator=R*10 Old Footprint=6-0805_M New Footprint=6-0805_M
Change Physical Footprint: Designator=R*11 Old Footprint=6-0805_M New Footprint=6-0805_M
Change Physical Footprint: Designator=R*12 Old Footprint=6-0805_M New Footprint=6-0805_M
Change Physical Footprint: Designator=TERM1 Old Footprint=282834-2 New Footprint=282834-2
Change Physical Footprint: Designator=TERM3 Old Footprint=1935268 New Footprint=1935268
Change Physical Footprint: Designator=TERM4 Old Footprint=1935268 New Footprint=1935268
Change Physical Footprint: Designator=TERM5 Old Footprint=1935268 New Footprint=1935268
Change Physical Footprint: Designator=TP1 Old Footprint=TestPoint New Footprint=TestPoint
Change Physical Footprint: Designator=TP2 Old Footprint=TestPoint New Footprint=TestPoint
Change Physical Footprint: Designator=TP3 Old Footprint=TestPoint New Footprint=TestPoint
Change Physical Footprint: Designator=TP4 Old Footprint=TestPoint New Footprint=TestPoint
Change Physical Footprint: Designator=TP5 Old Footprint=TestPoint New Footprint=TestPoint
Change Physical Footprint: Designator=TP6 Old Footprint=TestPoint New Footprint=TestPoint
Change Physical Footprint: Designator=TP7 Old Footprint=TestPoint New Footprint=TestPoint
Change Physical Footprint: Designator=TP8 Old Footprint=TestPoint New Footprint=TestPoint
Change Physical Footprint: Designator=TP9 Old Footprint=TestPoint New Footprint=TestPoint
Change Physical Footprint: Designator=TP10 Old Footprint=TestPoint New Footprint=TestPoint
Change Physical Footprint: Designator=TP11 Old Footprint=TestPoint New Footprint=TestPoint
Change Physical Footprint: Designator=TP12 Old Footprint=TestPoint New Footprint=TestPoint
Change Physical Footprint: Designator=TP13 Old Footprint=TestPoint New Footprint=TestPoint
Change Physical Footprint: Designator=TP14 Old Footprint=TestPoint New Footprint=TestPoint
Change Physical Footprint: Designator=TP15 Old Footprint=TestPoint New Footprint=TestPoint
Change Physical Footprint: Designator=TP16 Old Footprint=TestPoint New Footprint=TestPoint
Change Physical Footprint: Designator=TP17 Old Footprint=TestPoint New Footprint=TestPoint
Change Physical Footprint: Designator=TP18 Old Footprint=TestPoint New Footprint=TestPoint
Change Physical Footprint: Designator=TP19 Old Footprint=TestPoint New Footprint=TestPoint
Change Physical Footprint: Designator=TP20 Old Footprint=TestPoint New Footprint=TestPoint
Change Physical Footprint: Designator=TP21 Old Footprint=TestPoint New Footprint=TestPoint
Change Physical Footprint: Designator=TP22 Old Footprint=TestPoint New Footprint=TestPoint
Change Physical Footprint: Designator=TP23 Old Footprint=TestPoint New Footprint=TestPoint
Change Physical Footprint: Designator=TP24 Old Footprint=TestPoint New Footprint=TestPoint
Change Physical Footprint: Designator=TP_B1 Old Footprint=TestPoint New Footprint=TestPoint
Change Physical Footprint: Designator=TP_B2 Old Footprint=TestPoint New Footprint=TestPoint
Change Physical Footprint: Designator=TP_B3 Old Footprint=TestPoint New Footprint=TestPoint
Change Physical Footprint: Designator=TP_B4 Old Footprint=TestPoint New Footprint=TestPoint
Change Physical Footprint: Designator=TP_B5 Old Footprint=TestPoint New Footprint=TestPoint
Change Physical Footprint: Designator=TP_B6 Old Footprint=TestPoint New Footprint=TestPoint
Change Physical Footprint: Designator=TP_B7 Old Footprint=TestPoint New Footprint=TestPoint
Change Physical Footprint: Designator=TP_B8 Old Footprint=TestPoint New Footprint=TestPoint
Change Physical Footprint: Designator=TP_B9 Old Footprint=TestPoint New Footprint=TestPoint
Change Physical Footprint: Designator=TP_B10 Old Footprint=TestPoint New Footprint=TestPoint
Change Physical Footprint: Designator=TP_B11 Old Footprint=TestPoint New Footprint=TestPoint
Change Physical Footprint: Designator=TP_B12 Old Footprint=TestPoint New Footprint=TestPoint
Change Physical Footprint: Designator=TP_C1 Old Footprint=TestPoint New Footprint=TestPoint
Change Physical Footprint: Designator=TP_C2 Old Footprint=TestPoint New Footprint=TestPoint
Change Physical Footprint: Designator=TP_C3 Old Footprint=TestPoint New Footprint=TestPoint
Change Physical Footprint: Designator=TP_C4 Old Footprint=TestPoint New Footprint=TestPoint
Change Physical Footprint: Designator=TP_C5 Old Footprint=TestPoint New Footprint=TestPoint
Change Physical Footprint: Designator=TP_C6 Old Footprint=TestPoint New Footprint=TestPoint
Change Physical Footprint: Designator=TP_C7 Old Footprint=TestPoint New Footprint=TestPoint
Change Physical Footprint: Designator=TP_C8 Old Footprint=TestPoint New Footprint=TestPoint
Change Physical Footprint: Designator=TP_C9 Old Footprint=TestPoint New Footprint=TestPoint
Change Physical Footprint: Designator=TP_C10 Old Footprint=TestPoint New Footprint=TestPoint
Change Physical Footprint: Designator=TP_C11 Old Footprint=TestPoint New Footprint=TestPoint
Change Physical Footprint: Designator=TP_C12 Old Footprint=TestPoint New Footprint=TestPoint
Change Physical Footprint: Designator=TP_E1 Old Footprint=TestPoint New Footprint=TestPoint
Change Physical Footprint: Designator=TP_E2 Old Footprint=TestPoint New Footprint=TestPoint
Change Physical Footprint: Designator=TP_E3 Old Footprint=TestPoint New Footprint=TestPoint
Change Physical Footprint: Designator=TP_E4 Old Footprint=TestPoint New Footprint=TestPoint
Change Physical Footprint: Designator=TP_E5 Old Footprint=TestPoint New Footprint=TestPoint
Change Physical Footprint: Designator=TP_E6 Old Footprint=TestPoint New Footprint=TestPoint
Change Physical Footprint: Designator=TP_E7 Old Footprint=TestPoint New Footprint=TestPoint
Change Physical Footprint: Designator=TP_E8 Old Footprint=TestPoint New Footprint=TestPoint
Change Physical Footprint: Designator=TP_E9 Old Footprint=TestPoint New Footprint=TestPoint
Change Physical Footprint: Designator=TP_E10 Old Footprint=TestPoint New Footprint=TestPoint
Change Physical Footprint: Designator=TP_E11 Old Footprint=TestPoint New Footprint=TestPoint
Change Physical Footprint: Designator=TP_E12 Old Footprint=TestPoint New Footprint=TestPoint
