Replace Part C1 Cap in F:\UCD\ELEC_5840_IND_STUDY_PCB_DESIGN\Object_Detection\Detection_Circuit\Detection_Circuit_Sheet_01.SchDoc with Cap from Miscellaneous Devices.IntLib
Replace Part C2 Cap in F:\UCD\ELEC_5840_IND_STUDY_PCB_DESIGN\Object_Detection\Detection_Circuit\Detection_Circuit_Sheet_01.SchDoc with Cap from Miscellaneous Devices.IntLib
Replace Part C3 Cap in F:\UCD\ELEC_5840_IND_STUDY_PCB_DESIGN\Object_Detection\Detection_Circuit\Detection_Circuit_Sheet_01.SchDoc with Cap from Miscellaneous Devices.IntLib
Replace Part C4 Cap in F:\UCD\ELEC_5840_IND_STUDY_PCB_DESIGN\Object_Detection\Detection_Circuit\Detection_Circuit_Sheet_01.SchDoc with Cap from Miscellaneous Devices.IntLib
Replace Part C5 Cap in F:\UCD\ELEC_5840_IND_STUDY_PCB_DESIGN\Object_Detection\Detection_Circuit\Detection_Circuit_Sheet_01.SchDoc with Cap from Miscellaneous Devices.IntLib
Replace Part D1 LED3 in F:\UCD\ELEC_5840_IND_STUDY_PCB_DESIGN\Object_Detection\Detection_Circuit\Detection_Circuit_Sheet_01.SchDoc with LED3 from Miscellaneous Devices.IntLib
Replace Part FID1 Fiducial in F:\UCD\ELEC_5840_IND_STUDY_PCB_DESIGN\Object_Detection\Detection_Circuit\Detection_Circuit_Sheet_01.SchDoc with Fiducial from Fiducial.SchLib
Replace Part FID2 Fiducial in F:\UCD\ELEC_5840_IND_STUDY_PCB_DESIGN\Object_Detection\Detection_Circuit\Detection_Circuit_Sheet_01.SchDoc with Fiducial from Fiducial.SchLib
Replace Part FID3 Fiducial in F:\UCD\ELEC_5840_IND_STUDY_PCB_DESIGN\Object_Detection\Detection_Circuit\Detection_Circuit_Sheet_01.SchDoc with Fiducial from Fiducial.SchLib
Replace Part HEX_NUT1 HEX_NUT in F:\UCD\ELEC_5840_IND_STUDY_PCB_DESIGN\Object_Detection\Detection_Circuit\Detection_Circuit_Sheet_01.SchDoc with HEX_NUT from 6-32_Hex_Nut.SchLib
Replace Part MH1 MH in F:\UCD\ELEC_5840_IND_STUDY_PCB_DESIGN\Object_Detection\Detection_Circuit\Detection_Circuit_Sheet_01.SchDoc with MH from #6_MH.SchLib
Replace Part MH2 MH in F:\UCD\ELEC_5840_IND_STUDY_PCB_DESIGN\Object_Detection\Detection_Circuit\Detection_Circuit_Sheet_01.SchDoc with MH from #6_MH.SchLib
Replace Part MH3 MH in F:\UCD\ELEC_5840_IND_STUDY_PCB_DESIGN\Object_Detection\Detection_Circuit\Detection_Circuit_Sheet_01.SchDoc with MH from #6_MH.SchLib
Replace Part MH4 MH in F:\UCD\ELEC_5840_IND_STUDY_PCB_DESIGN\Object_Detection\Detection_Circuit\Detection_Circuit_Sheet_01.SchDoc with MH from #6_MH.SchLib
Replace Part Q1 NPN in F:\UCD\ELEC_5840_IND_STUDY_PCB_DESIGN\Object_Detection\Detection_Circuit\Detection_Circuit_Sheet_01.SchDoc with NPN from Miscellaneous Devices.IntLib
Replace Part R1 Res1 in F:\UCD\ELEC_5840_IND_STUDY_PCB_DESIGN\Object_Detection\Detection_Circuit\Detection_Circuit_Sheet_01.SchDoc with Res1 from Miscellaneous Devices.IntLib
Replace Part R2 Res1 in F:\UCD\ELEC_5840_IND_STUDY_PCB_DESIGN\Object_Detection\Detection_Circuit\Detection_Circuit_Sheet_01.SchDoc with Res1 from Miscellaneous Devices.IntLib
Replace Part R3 Res1 in F:\UCD\ELEC_5840_IND_STUDY_PCB_DESIGN\Object_Detection\Detection_Circuit\Detection_Circuit_Sheet_01.SchDoc with Res1 from Miscellaneous Devices.IntLib
Replace Part R4 Res1 in F:\UCD\ELEC_5840_IND_STUDY_PCB_DESIGN\Object_Detection\Detection_Circuit\Detection_Circuit_Sheet_01.SchDoc with Res1 from Miscellaneous Devices.IntLib
Replace Part R5 Res1 in F:\UCD\ELEC_5840_IND_STUDY_PCB_DESIGN\Object_Detection\Detection_Circuit\Detection_Circuit_Sheet_01.SchDoc with Res1 from Miscellaneous Devices.IntLib
Replace Part Screw1 6-32 Screw in F:\UCD\ELEC_5840_IND_STUDY_PCB_DESIGN\Object_Detection\Detection_Circuit\Detection_Circuit_Sheet_01.SchDoc with 6-32 Screw from 6-32_Screw.SchLib
Replace Part StandOff1 STANDOFF in F:\UCD\ELEC_5840_IND_STUDY_PCB_DESIGN\Object_Detection\Detection_Circuit\Detection_Circuit_Sheet_01.SchDoc with STANDOFF from 6-32_Stand_Off.SchLib
Replace Part StandOff2 STANDOFF in F:\UCD\ELEC_5840_IND_STUDY_PCB_DESIGN\Object_Detection\Detection_Circuit\Detection_Circuit_Sheet_01.SchDoc with STANDOFF from 6-32_Stand_Off.SchLib
Replace Part StandOff3 STANDOFF in F:\UCD\ELEC_5840_IND_STUDY_PCB_DESIGN\Object_Detection\Detection_Circuit\Detection_Circuit_Sheet_01.SchDoc with STANDOFF from 6-32_Stand_Off.SchLib
Replace Part StandOff4 STANDOFF in F:\UCD\ELEC_5840_IND_STUDY_PCB_DESIGN\Object_Detection\Detection_Circuit\Detection_Circuit_Sheet_01.SchDoc with STANDOFF from 6-32_Stand_Off.SchLib
Replace Part TERM1 282834-2 in F:\UCD\ELEC_5840_IND_STUDY_PCB_DESIGN\Object_Detection\Detection_Circuit\Detection_Circuit_Sheet_01.SchDoc with 282834-2 from 282834-2.SchLib
Replace Part TERM2 282834-2 in F:\UCD\ELEC_5840_IND_STUDY_PCB_DESIGN\Object_Detection\Detection_Circuit\Detection_Circuit_Sheet_01.SchDoc with 282834-2 from 282834-2.SchLib
Replace Part TP1 Test_Point in F:\UCD\ELEC_5840_IND_STUDY_PCB_DESIGN\Object_Detection\Detection_Circuit\Detection_Circuit_Sheet_01.SchDoc with Test_Point from TP.SchLib
Replace Part TP2 Test_Point in F:\UCD\ELEC_5840_IND_STUDY_PCB_DESIGN\Object_Detection\Detection_Circuit\Detection_Circuit_Sheet_01.SchDoc with Test_Point from TP.SchLib
Replace Part TP_B Test_Point in F:\UCD\ELEC_5840_IND_STUDY_PCB_DESIGN\Object_Detection\Detection_Circuit\Detection_Circuit_Sheet_01.SchDoc with Test_Point from TP.SchLib
Replace Part TP_C Test_Point in F:\UCD\ELEC_5840_IND_STUDY_PCB_DESIGN\Object_Detection\Detection_Circuit\Detection_Circuit_Sheet_01.SchDoc with Test_Point from TP.SchLib
Replace Part TP_E Test_Point in F:\UCD\ELEC_5840_IND_STUDY_PCB_DESIGN\Object_Detection\Detection_Circuit\Detection_Circuit_Sheet_01.SchDoc with Test_Point from TP.SchLib
Replace Part TP_GND Test_Point in F:\UCD\ELEC_5840_IND_STUDY_PCB_DESIGN\Object_Detection\Detection_Circuit\Detection_Circuit_Sheet_01.SchDoc with Test_Point from TP.SchLib
Replace Part TP_VCC Test_Point in F:\UCD\ELEC_5840_IND_STUDY_PCB_DESIGN\Object_Detection\Detection_Circuit\Detection_Circuit_Sheet_01.SchDoc with Test_Point from TP.SchLib
Replace Part Washer1 Washer in F:\UCD\ELEC_5840_IND_STUDY_PCB_DESIGN\Object_Detection\Detection_Circuit\Detection_Circuit_Sheet_01.SchDoc with Washer from #6_Nylon_Washer.SchLib
Replace Part Washer2 Washer in F:\UCD\ELEC_5840_IND_STUDY_PCB_DESIGN\Object_Detection\Detection_Circuit\Detection_Circuit_Sheet_01.SchDoc with Washer from #6_Nylon_Washer.SchLib
Replace Part Washer3 Washer in F:\UCD\ELEC_5840_IND_STUDY_PCB_DESIGN\Object_Detection\Detection_Circuit\Detection_Circuit_Sheet_01.SchDoc with Washer from #6_Nylon_Washer.SchLib
Replace Part Washer4 Washer in F:\UCD\ELEC_5840_IND_STUDY_PCB_DESIGN\Object_Detection\Detection_Circuit\Detection_Circuit_Sheet_01.SchDoc with Washer from #6_Nylon_Washer.SchLib
Replace Part Washer5 Washer in F:\UCD\ELEC_5840_IND_STUDY_PCB_DESIGN\Object_Detection\Detection_Circuit\Detection_Circuit_Sheet_01.SchDoc with Washer from #6_Nylon_Washer.SchLib
Replace Part Washer6 Washer in F:\UCD\ELEC_5840_IND_STUDY_PCB_DESIGN\Object_Detection\Detection_Circuit\Detection_Circuit_Sheet_01.SchDoc with Washer from #6_Nylon_Washer.SchLib
Replace Part Washer7 Washer in F:\UCD\ELEC_5840_IND_STUDY_PCB_DESIGN\Object_Detection\Detection_Circuit\Detection_Circuit_Sheet_01.SchDoc with Washer from #6_Nylon_Washer.SchLib
Replace Part Washer8 Washer in F:\UCD\ELEC_5840_IND_STUDY_PCB_DESIGN\Object_Detection\Detection_Circuit\Detection_Circuit_Sheet_01.SchDoc with Washer from #6_Nylon_Washer.SchLib
