Change Component Designator: Old Designator=C5 New Designator=C?
Change Component Designator: Old Designator=C6 New Designator=C?
Change Component Designator: Old Designator=C7 New Designator=C?
Change Component Designator: Old Designator=C8 New Designator=C?
Change Component Designator: Old Designator=C9 New Designator=C?
Change Component Designator: Old Designator=C10 New Designator=C?
Change Component Designator: Old Designator=C11 New Designator=C?
Change Component Designator: Old Designator=C12 New Designator=C?
Change Component Designator: Old Designator=C13 New Designator=C?
Change Component Designator: Old Designator=C14 New Designator=C?
Change Component Designator: Old Designator=C15 New Designator=C?
Change Component Designator: Old Designator=C16 New Designator=C?
Change Component Designator: Old Designator=C17 New Designator=C?
Change Component Designator: Old Designator=C18 New Designator=C?
Change Component Designator: Old Designator=C19 New Designator=C?
Change Component Designator: Old Designator=C20 New Designator=C?
Change Component Designator: Old Designator=C21 New Designator=C?
Change Component Designator: Old Designator=C22 New Designator=C?
Change Component Designator: Old Designator=C23 New Designator=C?
Change Component Designator: Old Designator=C24 New Designator=C?
Change Component Designator: Old Designator=C25 New Designator=C?
Change Component Designator: Old Designator=C26 New Designator=C?
Change Component Designator: Old Designator=C27 New Designator=C?
Change Component Designator: Old Designator=C28 New Designator=C?
Change Component Designator: Old Designator=C29 New Designator=C?
Change Component Designator: Old Designator=C30 New Designator=C?
Change Component Designator: Old Designator=C31 New Designator=C?
Change Component Designator: Old Designator=C32 New Designator=C?
Change Component Designator: Old Designator=C33 New Designator=C?
Change Component Designator: Old Designator=C34 New Designator=C?
Change Component Designator: Old Designator=C35 New Designator=C?
Change Component Designator: Old Designator=C36 New Designator=C?
Change Component Designator: Old Designator=C37 New Designator=C?
Change Component Designator: Old Designator=C38 New Designator=C?
Change Component Designator: Old Designator=C39 New Designator=C?
Change Component Designator: Old Designator=C40 New Designator=C?
Change Component Designator: Old Designator=C41 New Designator=C?
Change Component Designator: Old Designator=C42 New Designator=C?
Change Component Designator: Old Designator=C43 New Designator=C?
Change Component Designator: Old Designator=C44 New Designator=C?
Change Component Designator: Old Designator=C45 New Designator=C?
Change Component Designator: Old Designator=C46 New Designator=C?
Change Component Designator: Old Designator=C47 New Designator=C?
Change Component Designator: Old Designator=C48 New Designator=C?
Change Component Designator: Old Designator=Q2 New Designator=Q?
Change Component Designator: Old Designator=Q3 New Designator=Q?
Change Component Designator: Old Designator=Q4 New Designator=Q?
Change Component Designator: Old Designator=Q5 New Designator=Q?
Change Component Designator: Old Designator=Q6 New Designator=Q?
Change Component Designator: Old Designator=Q7 New Designator=Q?
Change Component Designator: Old Designator=Q8 New Designator=Q?
Change Component Designator: Old Designator=Q9 New Designator=Q?
Change Component Designator: Old Designator=Q10 New Designator=Q?
Change Component Designator: Old Designator=Q11 New Designator=Q?
Change Component Designator: Old Designator=Q12 New Designator=Q?
Change Component Designator: Old Designator=R6 New Designator=R?
Change Component Designator: Old Designator=R7 New Designator=R?
Change Component Designator: Old Designator=R8 New Designator=R?
Change Component Designator: Old Designator=R9 New Designator=R?
Change Component Designator: Old Designator=R10 New Designator=R?
Change Component Designator: Old Designator=R11 New Designator=R?
Change Component Designator: Old Designator=R12 New Designator=R?
Change Component Designator: Old Designator=R13 New Designator=R?
Change Component Designator: Old Designator=R14 New Designator=R?
Change Component Designator: Old Designator=R15 New Designator=R?
Change Component Designator: Old Designator=R16 New Designator=R?
Change Component Designator: Old Designator=R17 New Designator=R?
Change Component Designator: Old Designator=R18 New Designator=R?
Change Component Designator: Old Designator=R19 New Designator=R?
Change Component Designator: Old Designator=R20 New Designator=R?
Change Component Designator: Old Designator=R21 New Designator=R?
Change Component Designator: Old Designator=R22 New Designator=R?
Change Component Designator: Old Designator=R23 New Designator=R?
Change Component Designator: Old Designator=R24 New Designator=R?
Change Component Designator: Old Designator=R25 New Designator=R?
Change Component Designator: Old Designator=R26 New Designator=R?
Change Component Designator: Old Designator=R27 New Designator=R?
Change Component Designator: Old Designator=R28 New Designator=R?
Change Component Designator: Old Designator=R29 New Designator=R?
Change Component Designator: Old Designator=R30 New Designator=R?
Change Component Designator: Old Designator=R31 New Designator=R?
Change Component Designator: Old Designator=R32 New Designator=R?
Change Component Designator: Old Designator=R33 New Designator=R?
Change Component Designator: Old Designator=R34 New Designator=R?
Change Component Designator: Old Designator=R35 New Designator=R?
Change Component Designator: Old Designator=R36 New Designator=R?
Change Component Designator: Old Designator=R37 New Designator=R?
Change Component Designator: Old Designator=R38 New Designator=R?
Change Component Designator: Old Designator=R39 New Designator=R?
Change Component Designator: Old Designator=R40 New Designator=R?
Change Component Designator: Old Designator=R41 New Designator=R?
Change Component Designator: Old Designator=R42 New Designator=R?
Change Component Designator: Old Designator=R43 New Designator=R?
Change Component Designator: Old Designator=R44 New Designator=R?
Change Component Designator: Old Designator=R45 New Designator=R?
Change Component Designator: Old Designator=R46 New Designator=R?
Change Component Designator: Old Designator=R47 New Designator=R?
Change Component Designator: Old Designator=R48 New Designator=R?
Change Component Designator: Old Designator=R49 New Designator=R?
Change Component Designator: Old Designator=R*2 New Designator=R*?
Change Component Designator: Old Designator=R*3 New Designator=R*?
Change Component Designator: Old Designator=R*4 New Designator=R*?
Change Component Designator: Old Designator=R*5 New Designator=R*?
Change Component Designator: Old Designator=R*6 New Designator=R*?
Change Component Designator: Old Designator=R*7 New Designator=R*?
Change Component Designator: Old Designator=R*8 New Designator=R*?
Change Component Designator: Old Designator=R*9 New Designator=R*?
Change Component Designator: Old Designator=R*10 New Designator=R*?
Change Component Designator: Old Designator=R*11 New Designator=R*?
Change Component Designator: Old Designator=R*12 New Designator=R*?
Change Component Designator: Old Designator=TERM2 New Designator=TERM?
Change Component Designator: Old Designator=TERM3 New Designator=TERM?
Change Component Designator: Old Designator=TP3 New Designator=TP?
Change Component Designator: Old Designator=TP4 New Designator=TP?
Change Component Designator: Old Designator=TP5 New Designator=TP?
Change Component Designator: Old Designator=TP6 New Designator=TP?
Change Component Designator: Old Designator=TP7 New Designator=TP?
Change Component Designator: Old Designator=TP8 New Designator=TP?
Change Component Designator: Old Designator=TP9 New Designator=TP?
Change Component Designator: Old Designator=TP10 New Designator=TP?
Change Component Designator: Old Designator=TP11 New Designator=TP?
Change Component Designator: Old Designator=TP12 New Designator=TP?
Change Component Designator: Old Designator=TP13 New Designator=TP?
Change Component Designator: Old Designator=TP14 New Designator=TP?
Change Component Designator: Old Designator=TP15 New Designator=TP?
Change Component Designator: Old Designator=TP16 New Designator=TP?
Change Component Designator: Old Designator=TP17 New Designator=TP?
Change Component Designator: Old Designator=TP18 New Designator=TP?
Change Component Designator: Old Designator=TP19 New Designator=TP?
Change Component Designator: Old Designator=TP20 New Designator=TP?
Change Component Designator: Old Designator=TP21 New Designator=TP?
Change Component Designator: Old Designator=TP22 New Designator=TP?
Change Component Designator: Old Designator=TP23 New Designator=TP?
Change Component Designator: Old Designator=TP24 New Designator=TP?
Change Component Designator: Old Designator=TP_B2 New Designator=TP_B?
Change Component Designator: Old Designator=TP_B3 New Designator=TP_B?
Change Component Designator: Old Designator=TP_B4 New Designator=TP_B?
Change Component Designator: Old Designator=TP_B5 New Designator=TP_B?
Change Component Designator: Old Designator=TP_B6 New Designator=TP_B?
Change Component Designator: Old Designator=TP_B7 New Designator=TP_B?
Change Component Designator: Old Designator=TP_B8 New Designator=TP_B?
Change Component Designator: Old Designator=TP_B9 New Designator=TP_B?
Change Component Designator: Old Designator=TP_B10 New Designator=TP_B?
Change Component Designator: Old Designator=TP_B11 New Designator=TP_B?
Change Component Designator: Old Designator=TP_B12 New Designator=TP_B?
Change Component Designator: Old Designator=TP_C2 New Designator=TP_C?
Change Component Designator: Old Designator=TP_C3 New Designator=TP_C?
Change Component Designator: Old Designator=TP_C4 New Designator=TP_C?
Change Component Designator: Old Designator=TP_C5 New Designator=TP_C?
Change Component Designator: Old Designator=TP_C6 New Designator=TP_C?
Change Component Designator: Old Designator=TP_C7 New Designator=TP_C?
Change Component Designator: Old Designator=TP_C8 New Designator=TP_C?
Change Component Designator: Old Designator=TP_C9 New Designator=TP_C?
Change Component Designator: Old Designator=TP_C10 New Designator=TP_C?
Change Component Designator: Old Designator=TP_C11 New Designator=TP_C?
Change Component Designator: Old Designator=TP_C12 New Designator=TP_C?
Change Component Designator: Old Designator=TP_E2 New Designator=TP_E?
Change Component Designator: Old Designator=TP_E3 New Designator=TP_E?
Change Component Designator: Old Designator=TP_E4 New Designator=TP_E?
Change Component Designator: Old Designator=TP_E5 New Designator=TP_E?
Change Component Designator: Old Designator=TP_E6 New Designator=TP_E?
Change Component Designator: Old Designator=TP_E7 New Designator=TP_E?
Change Component Designator: Old Designator=TP_E8 New Designator=TP_E?
Change Component Designator: Old Designator=TP_E9 New Designator=TP_E?
Change Component Designator: Old Designator=TP_E10 New Designator=TP_E?
Change Component Designator: Old Designator=TP_E11 New Designator=TP_E?
Change Component Designator: Old Designator=TP_E12 New Designator=TP_E?
