Change Component Designator: Old Designator=C? New Designator=C1
Change Component Designator: Old Designator=C? New Designator=C2
Change Component Designator: Old Designator=C? New Designator=C3
Change Component Designator: Old Designator=C? New Designator=C4
Change Component Designator: Old Designator=D? New Designator=D1
Change Component Designator: Old Designator=FID? New Designator=FID1
Change Component Designator: Old Designator=FID? New Designator=FID2
Change Component Designator: Old Designator=FID? New Designator=FID3
Change Component Designator: Old Designator=HEX_NUT? New Designator=HEX_NUT1
Change Component Designator: Old Designator=MH? New Designator=MH1
Change Component Designator: Old Designator=MH? New Designator=MH2
Change Component Designator: Old Designator=MH? New Designator=MH3
Change Component Designator: Old Designator=MH? New Designator=MH4
Change Component Designator: Old Designator=PC_TP_GND? New Designator=PC_TP_GND1
Change Component Designator: Old Designator=PC_TP_VCC? New Designator=PC_TP_VCC1
Change Component Designator: Old Designator=Q? New Designator=Q1
Change Component Designator: Old Designator=R*? New Designator=R*1
Change Component Designator: Old Designator=R? New Designator=R1
Change Component Designator: Old Designator=R? New Designator=R2
Change Component Designator: Old Designator=R? New Designator=R3
Change Component Designator: Old Designator=R? New Designator=R4
Change Component Designator: Old Designator=R? New Designator=R5
Change Component Designator: Old Designator=Screw? New Designator=Screw1
Change Component Designator: Old Designator=StandOff? New Designator=StandOff1
Change Component Designator: Old Designator=StandOff? New Designator=StandOff2
Change Component Designator: Old Designator=StandOff? New Designator=StandOff3
Change Component Designator: Old Designator=StandOff? New Designator=StandOff4
Change Component Designator: Old Designator=TERM? New Designator=TERM1
Change Component Designator: Old Designator=TERM? New Designator=TERM2
Change Component Designator: Old Designator=TERM? New Designator=TERM3
Change Component Designator: Old Designator=TP? New Designator=TP1
Change Component Designator: Old Designator=TP? New Designator=TP2
Change Component Designator: Old Designator=TP_B? New Designator=TP_B1
Change Component Designator: Old Designator=TP_C? New Designator=TP_C1
Change Component Designator: Old Designator=TP_E? New Designator=TP_E1
Change Component Designator: Old Designator=Washer? New Designator=Washer1
Change Component Designator: Old Designator=Washer? New Designator=Washer2
Change Component Designator: Old Designator=Washer? New Designator=Washer3
Change Component Designator: Old Designator=Washer? New Designator=Washer4
Change Component Designator: Old Designator=Washer? New Designator=Washer5
Change Component Designator: Old Designator=Washer? New Designator=Washer6
Change Component Designator: Old Designator=Washer? New Designator=Washer7
Change Component Designator: Old Designator=Washer? New Designator=Washer8
